2026-01-26 15:07:43,287 [INFO] Activator:176 - 


2026-01-26 15:07:43,292 [INFO] Activator:177 - !SESSION log4j initialized
2026-01-26 15:07:47,874 [INFO] LogOutputStream:77 - [STDOUT_REDIRECT] 
2026-01-26 15:07:58,756 [INFO] ApplicationProperties:184 - Using Application install path: C:\ST\STM32CubeIDE_1.18.1\STM32CubeIDE\plugins\com.st.stm32cube.common.mx_6.14.1.202504091515
2026-01-26 15:07:58,769 [INFO] DbMcusXml:78 - Set database path to: C:\ST\STM32CubeIDE_1.18.1\STM32CubeIDE\plugins\com.st.stm32cube.common.mx_6.14.1.202504091515\\db\/mcu/
2026-01-26 15:07:58,769 [INFO] ApiDb:274 - Set plugin database path to: C:\ST\STM32CubeIDE_1.18.1\STM32CubeIDE\plugins\com.st.stm32cube.common.mx_6.14.1.202504091515\\db\/plugins/boardmanager/
2026-01-26 15:07:58,770 [WARN] ApiDb:259 - Overriding images path with different value:  => C:\ST\STM32CubeIDE_1.18.1\STM32CubeIDE\plugins\com.st.stm32cube.common.mx_6.14.1.202504091515\\db\/plugins/mcufinder/images/
2026-01-26 15:07:58,779 [INFO] ApiDb:250 - Set database path to: C:\Users\Onur Fidan\.stmcufinder\plugins\mcufinder//mcu/
2026-01-26 15:07:58,780 [INFO] DbMcusAds:125 - Set database path to: C:\Users\Onur Fidan\.stmcufinder\plugins\mcufinder//mcu/
2026-01-26 15:07:58,801 [INFO] CrossReferenceDbSqlite:203 - Set database path to: C:\Users\Onur Fidan\.stmcufinder\plugins\mcufinder//mcu/cs/
2026-01-26 15:07:58,899 [INFO] RulesReader:64 - Compatibility file has been processed (302 Rules)
2026-01-26 15:07:58,963 [INFO] DbMcusXml:78 - Set database path to: C:\ST\STM32CubeIDE_1.18.1\STM32CubeIDE\plugins\com.st.stm32cube.common.mx_6.14.1.202504091515\\db\/mcu/
2026-01-26 15:07:58,963 [INFO] ApiDb:274 - Set plugin database path to: C:\ST\STM32CubeIDE_1.18.1\STM32CubeIDE\plugins\com.st.stm32cube.common.mx_6.14.1.202504091515\\db\/plugins/boardmanager/
2026-01-26 15:07:58,963 [INFO] ApiDb:261 - Set plugin images path to: C:\ST\STM32CubeIDE_1.18.1\STM32CubeIDE\plugins\com.st.stm32cube.common.mx_6.14.1.202504091515\\db\/plugins/mcufinder/images/
2026-01-26 15:07:58,963 [WARN] DbFile:41 - Overriding database path with different value: C:\Users\Onur Fidan\.stmcufinder\plugins\mcufinder/ => C:\Users\Onur Fidan\.stmcufinder\plugins\mcufinder
2026-01-26 15:07:58,964 [INFO] ApiDb:250 - Set database path to: C:\Users\Onur Fidan\.stmcufinder\plugins\mcufinder//mcu/
2026-01-26 15:07:58,964 [WARN] DbFile:41 - Overriding database path with different value: C:\Users\Onur Fidan\.stmcufinder\plugins\mcufinder/ => C:\Users\Onur Fidan\.stmcufinder\plugins\mcufinder
2026-01-26 15:07:58,964 [INFO] DbMcusAds:125 - Set database path to: C:\Users\Onur Fidan\.stmcufinder\plugins\mcufinder//mcu/
2026-01-26 15:07:58,964 [WARN] DbFile:41 - Overriding database path with different value: C:\Users\Onur Fidan\.stmcufinder\plugins\mcufinder/ => C:\Users\Onur Fidan\.stmcufinder\plugins\mcufinder
2026-01-26 15:07:58,964 [WARN] DbFile:41 - Overriding database path with different value: C:\Users\Onur Fidan\.stmcufinder\plugins\mcufinder/ => C:\Users\Onur Fidan\.stmcufinder\plugins\mcufinder
2026-01-26 15:07:58,964 [INFO] CrossReferenceDbSqlite:203 - Set database path to: C:\Users\Onur Fidan\.stmcufinder\plugins\mcufinder//mcu/cs/
2026-01-26 15:07:59,030 [INFO] MainPanel:272 - HeapMemory: 268435456
2026-01-26 15:07:59,130 [INFO] DbMcusXml:78 - Set database path to: C:\ST\STM32CubeIDE_1.18.1\STM32CubeIDE\plugins\com.st.stm32cube.common.mx_6.14.1.202504091515\\db\/mcu/
2026-01-26 15:07:59,130 [INFO] ApiDb:274 - Set plugin database path to: C:\ST\STM32CubeIDE_1.18.1\STM32CubeIDE\plugins\com.st.stm32cube.common.mx_6.14.1.202504091515\\db\/plugins/boardmanager/
2026-01-26 15:07:59,130 [INFO] ApiDb:261 - Set plugin images path to: C:\ST\STM32CubeIDE_1.18.1\STM32CubeIDE\plugins\com.st.stm32cube.common.mx_6.14.1.202504091515\\db\/plugins/mcufinder/images/
2026-01-26 15:07:59,131 [WARN] DbFile:41 - Overriding database path with different value: C:\Users\Onur Fidan\.stmcufinder\plugins\mcufinder/ => C:\Users\Onur Fidan\.stmcufinder\plugins\mcufinder
2026-01-26 15:07:59,131 [INFO] ApiDb:250 - Set database path to: C:\Users\Onur Fidan\.stmcufinder\plugins\mcufinder//mcu/
2026-01-26 15:07:59,131 [WARN] DbFile:41 - Overriding database path with different value: C:\Users\Onur Fidan\.stmcufinder\plugins\mcufinder/ => C:\Users\Onur Fidan\.stmcufinder\plugins\mcufinder
2026-01-26 15:07:59,131 [INFO] DbMcusAds:125 - Set database path to: C:\Users\Onur Fidan\.stmcufinder\plugins\mcufinder//mcu/
2026-01-26 15:07:59,131 [WARN] DbFile:41 - Overriding database path with different value: C:\Users\Onur Fidan\.stmcufinder\plugins\mcufinder/ => C:\Users\Onur Fidan\.stmcufinder\plugins\mcufinder
2026-01-26 15:07:59,131 [WARN] DbFile:41 - Overriding database path with different value: C:\Users\Onur Fidan\.stmcufinder\plugins\mcufinder/ => C:\Users\Onur Fidan\.stmcufinder\plugins\mcufinder
2026-01-26 15:07:59,131 [INFO] CrossReferenceDbSqlite:203 - Set database path to: C:\Users\Onur Fidan\.stmcufinder\plugins\mcufinder//mcu/cs/
2026-01-26 15:07:59,148 [INFO] ApplicationProperties:184 - Using Application install path: C:\ST\STM32CubeIDE_1.18.1\STM32CubeIDE\plugins\com.st.stm32cube.common.mx_6.14.1.202504091515
2026-01-26 15:07:59,150 [INFO] PluginManage:196 - Search for loadable plugins [exclusion list=, ]
2026-01-26 15:07:59,152 [INFO] PluginManage:310 - Check plugin analytics
2026-01-26 15:07:59,329 [INFO] AnalyticsPlugin:253 - Accepted Software Licenses: STM32CubeMX.6.16.0
2026-01-26 15:07:59,330 [INFO] AnalyticsPlugin:255 - Accepted CMSIS Pack Licenses: 
2026-01-26 15:07:59,330 [INFO] AnalyticsPlugin:257 - Accepted Firmware Licenses: FW.F4.1.28.0
2026-01-26 15:07:59,333 [INFO] PluginManage:359 - Loaded plugin analytics (category:tool,tabindex:-1)
2026-01-26 15:07:59,333 [INFO] PluginManage:310 - Check plugin cadmodel
2026-01-26 15:07:59,341 [INFO] CADModel:105 - Init CAD model plugin
2026-01-26 15:07:59,341 [INFO] PluginManage:359 - Loaded plugin cadmodel (category:power,tabindex:5)
2026-01-26 15:07:59,341 [INFO] PluginManage:310 - Check plugin clock
2026-01-26 15:07:59,351 [INFO] PluginManage:359 - Loaded plugin clock (category:base,tabindex:2)
2026-01-26 15:07:59,351 [INFO] PluginManage:310 - Check plugin ddr
2026-01-26 15:07:59,355 [INFO] PluginManage:359 - Loaded plugin ddr (category:tool,tabindex:6)
2026-01-26 15:07:59,355 [INFO] PluginManage:310 - Check plugin filemanager
2026-01-26 15:07:59,495 [INFO] PluginManage:359 - Loaded plugin filemanager (category:base,tabindex:10)
2026-01-26 15:07:59,495 [INFO] PluginManage:310 - Check plugin ipmanager
2026-01-26 15:07:59,502 [INFO] PluginManage:359 - Loaded plugin ipmanager (category:base,tabindex:5)
2026-01-26 15:07:59,502 [INFO] PluginManage:310 - Check plugin lpbam
2026-01-26 15:07:59,511 [INFO] PluginManage:359 - Loaded plugin lpbam (category:base,tabindex:0)
2026-01-26 15:07:59,512 [INFO] PluginManage:310 - Check plugin memorymap
2026-01-26 15:07:59,528 [INFO] PluginManage:359 - Loaded plugin memorymap (category:base,tabindex:4)
2026-01-26 15:07:59,528 [INFO] PluginManage:310 - Check plugin pinoutandconfiguration
2026-01-26 15:07:59,535 [INFO] PluginManage:359 - Loaded plugin pinoutandconfiguration (category:base,tabindex:1)
2026-01-26 15:07:59,535 [INFO] PluginManage:310 - Check plugin pinoutconfig
2026-01-26 15:07:59,606 [WARN] SupportedApi:132 - Cannot load RTOS API schema: s4s-elt-must-match.1: The content of 'definitions' must match (annotation?, (simpleType | complexType)?, (unique | key | keyref)*)). A problem was found starting at: attribute.
2026-01-26 15:07:59,709 [INFO] PluginManage:359 - Loaded plugin pinoutconfig (category:base,tabindex:0)
2026-01-26 15:07:59,709 [INFO] PluginManage:310 - Check plugin power
2026-01-26 15:07:59,718 [INFO] PluginManage:359 - Loaded plugin power (category:power,tabindex:4)
2026-01-26 15:07:59,719 [INFO] PluginManage:310 - Check plugin projectmanager
2026-01-26 15:07:59,733 [INFO] PluginManage:359 - Loaded plugin projectmanager (category:projectmanager,tabindex:4)
2026-01-26 15:07:59,733 [INFO] PluginManage:310 - Check plugin rif
2026-01-26 15:07:59,738 [INFO] PluginManage:359 - Loaded plugin rif (category:base,tabindex:3)
2026-01-26 15:07:59,738 [INFO] PluginManage:310 - Check plugin thirdparty
2026-01-26 15:07:59,850 [INFO] PluginManage:359 - Loaded plugin thirdparty (category:base,tabindex:-1)
2026-01-26 15:07:59,851 [INFO] PluginManage:310 - Check plugin tools
2026-01-26 15:07:59,850 [WARN] IntegrityCheckThread:84 - waiting for thirdparty lock release [integrity check]
2026-01-26 15:07:59,851 [INFO] IntegrityCheckThread:86 - entering critical section [integrity check]
2026-01-26 15:07:59,851 [INFO] ThirdPartyUpdaterWithRetryManager:70 - Updater plugin not ready yet. [1/15]
2026-01-26 15:07:59,855 [INFO] PluginManage:359 - Loaded plugin tools (category:base,tabindex:7)
2026-01-26 15:07:59,855 [INFO] PluginManage:310 - Check plugin tutovideos
2026-01-26 15:08:00,028 [INFO] PluginManage:359 - Loaded plugin tutovideos (category:base,tabindex:-1)
2026-01-26 15:08:00,029 [INFO] PluginManage:310 - Check plugin updater
2026-01-26 15:08:00,049 [INFO] PluginManage:359 - Loaded plugin updater (category:base,tabindex:12)
2026-01-26 15:08:00,049 [INFO] PluginManage:310 - Check plugin userauth
2026-01-26 15:08:00,052 [INFO] UserAuth:118 - Init User Auth plugin
2026-01-26 15:08:00,053 [INFO] PluginManage:359 - Loaded plugin userauth (category:base,tabindex:14)
2026-01-26 15:08:00,053 [INFO] PluginManage:283 - PluginManage : Loaded plugins [18]
2026-01-26 15:08:00,233 [INFO] PinOutPanel:1589 - setPackage(No Configuration,No Configuration)
2026-01-26 15:08:00,293 [INFO] CADModel:165 - CPN selected for project level
2026-01-26 15:08:00,293 [INFO] CADModel:114 - Register for checkConnection events
2026-01-26 15:08:00,306 [INFO] IPUIPlugin:80 - create IPUIPlugin
2026-01-26 15:08:00,306 [INFO] PluginManager:220 - loadIPPluginJar : add adc
2026-01-26 15:08:00,308 [INFO] IPUIPlugin:80 - create IPUIPlugin
2026-01-26 15:08:00,308 [INFO] PluginManager:220 - loadIPPluginJar : add aes
2026-01-26 15:08:00,310 [INFO] IPUIPlugin:80 - create IPUIPlugin
2026-01-26 15:08:00,310 [INFO] PluginManager:220 - loadIPPluginJar : add can
2026-01-26 15:08:00,312 [INFO] IPUIPlugin:80 - create IPUIPlugin
2026-01-26 15:08:00,312 [INFO] PluginManager:220 - loadIPPluginJar : add comp
2026-01-26 15:08:00,313 [INFO] IPUIPlugin:80 - create IPUIPlugin
2026-01-26 15:08:00,313 [INFO] PluginManager:220 - loadIPPluginJar : add cryp
2026-01-26 15:08:00,316 [INFO] IPUIPlugin:80 - create IPUIPlugin
2026-01-26 15:08:00,316 [INFO] PluginManager:220 - loadIPPluginJar : add ddr_ctrl_phy
2026-01-26 15:08:00,318 [INFO] IPUIPlugin:80 - create IPUIPlugin
2026-01-26 15:08:00,318 [INFO] PluginManager:220 - loadIPPluginJar : add dfsdm
2026-01-26 15:08:00,321 [INFO] IPUIPlugin:80 - create IPUIPlugin
2026-01-26 15:08:00,322 [INFO] PluginManager:220 - loadIPPluginJar : add dma
2026-01-26 15:08:00,323 [INFO] IPUIPlugin:80 - create IPUIPlugin
2026-01-26 15:08:00,324 [INFO] PluginManager:220 - loadIPPluginJar : add dma3
2026-01-26 15:08:00,325 [INFO] IPUIPlugin:80 - create IPUIPlugin
2026-01-26 15:08:00,325 [INFO] PluginManager:220 - loadIPPluginJar : add extmemmanager
2026-01-26 15:08:00,326 [INFO] IPUIPlugin:80 - create IPUIPlugin
2026-01-26 15:08:00,326 [INFO] PluginManager:220 - loadIPPluginJar : add fatfs
2026-01-26 15:08:00,329 [INFO] IPUIPlugin:80 - create IPUIPlugin
2026-01-26 15:08:00,330 [INFO] PluginManager:220 - loadIPPluginJar : add fmc
2026-01-26 15:08:00,335 [INFO] IPUIPlugin:80 - create IPUIPlugin
2026-01-26 15:08:00,335 [INFO] PluginManager:220 - loadIPPluginJar : add freertos
2026-01-26 15:08:00,336 [INFO] IPUIPlugin:80 - create IPUIPlugin
2026-01-26 15:08:00,336 [INFO] PluginManager:220 - loadIPPluginJar : add genericplugin
2026-01-26 15:08:00,338 [INFO] IPUIPlugin:80 - create IPUIPlugin
2026-01-26 15:08:00,338 [INFO] PluginManager:220 - loadIPPluginJar : add gfxmmu
2026-01-26 15:08:00,341 [INFO] IPUIPlugin:80 - create IPUIPlugin
2026-01-26 15:08:00,341 [INFO] PluginManager:220 - loadIPPluginJar : add gic
2026-01-26 15:08:00,344 [INFO] IPUIPlugin:80 - create IPUIPlugin
2026-01-26 15:08:00,344 [INFO] PluginManager:220 - loadIPPluginJar : add gpio
2026-01-26 15:08:00,346 [INFO] IPUIPlugin:80 - create IPUIPlugin
2026-01-26 15:08:00,346 [INFO] PluginManager:220 - loadIPPluginJar : add gtzc
2026-01-26 15:08:00,347 [INFO] IPUIPlugin:80 - create IPUIPlugin
2026-01-26 15:08:00,347 [INFO] PluginManager:220 - loadIPPluginJar : add hash
2026-01-26 15:08:00,350 [INFO] IPUIPlugin:80 - create IPUIPlugin
2026-01-26 15:08:00,350 [INFO] PluginManager:220 - loadIPPluginJar : add i2c
2026-01-26 15:08:00,351 [INFO] IPUIPlugin:80 - create IPUIPlugin
2026-01-26 15:08:00,352 [INFO] PluginManager:220 - loadIPPluginJar : add i2s
2026-01-26 15:08:00,353 [INFO] IPUIPlugin:80 - create IPUIPlugin
2026-01-26 15:08:00,353 [INFO] PluginManager:220 - loadIPPluginJar : add i3c
2026-01-26 15:08:00,356 [INFO] IPUIPlugin:80 - create IPUIPlugin
2026-01-26 15:08:00,356 [INFO] PluginManager:220 - loadIPPluginJar : add ipddr
2026-01-26 15:08:00,361 [INFO] IPUIPlugin:80 - create IPUIPlugin
2026-01-26 15:08:00,362 [INFO] PluginManager:220 - loadIPPluginJar : add linkedlist
2026-01-26 15:08:00,365 [INFO] IPUIPlugin:80 - create IPUIPlugin
2026-01-26 15:08:00,365 [INFO] PluginManager:220 - loadIPPluginJar : add lorawan
2026-01-26 15:08:00,366 [INFO] IPUIPlugin:80 - create IPUIPlugin
2026-01-26 15:08:00,366 [INFO] PluginManager:220 - loadIPPluginJar : add ltdc
2026-01-26 15:08:00,369 [INFO] IPUIPlugin:80 - create IPUIPlugin
2026-01-26 15:08:00,369 [INFO] PluginManager:220 - loadIPPluginJar : add mdma
2026-01-26 15:08:00,372 [INFO] IPUIPlugin:80 - create IPUIPlugin
2026-01-26 15:08:00,373 [INFO] PluginManager:220 - loadIPPluginJar : add nvic
2026-01-26 15:08:00,375 [INFO] IPUIPlugin:80 - create IPUIPlugin
2026-01-26 15:08:00,375 [INFO] PluginManager:220 - loadIPPluginJar : add opamp
2026-01-26 15:08:00,379 [INFO] IPUIPlugin:80 - create IPUIPlugin
2026-01-26 15:08:00,379 [INFO] PluginManager:220 - loadIPPluginJar : add openamp
2026-01-26 15:08:00,381 [INFO] IPUIPlugin:80 - create IPUIPlugin
2026-01-26 15:08:00,381 [INFO] PluginManager:220 - loadIPPluginJar : add pdm2pcm
2026-01-26 15:08:00,385 [INFO] IPUIPlugin:80 - create IPUIPlugin
2026-01-26 15:08:00,386 [INFO] PluginManager:220 - loadIPPluginJar : add plateformsettings
2026-01-26 15:08:00,388 [INFO] IPUIPlugin:80 - create IPUIPlugin
2026-01-26 15:08:00,388 [INFO] PluginManager:220 - loadIPPluginJar : add quadspi
2026-01-26 15:08:00,390 [INFO] IPUIPlugin:80 - create IPUIPlugin
2026-01-26 15:08:00,390 [INFO] PluginManager:220 - loadIPPluginJar : add radio
2026-01-26 15:08:00,392 [INFO] IPUIPlugin:80 - create IPUIPlugin
2026-01-26 15:08:00,392 [INFO] PluginManager:220 - loadIPPluginJar : add resmgrutility
2026-01-26 15:08:00,396 [INFO] IPUIPlugin:80 - create IPUIPlugin
2026-01-26 15:08:00,396 [INFO] PluginManager:220 - loadIPPluginJar : add sai
2026-01-26 15:08:00,398 [INFO] IPUIPlugin:80 - create IPUIPlugin
2026-01-26 15:08:00,398 [INFO] PluginManager:220 - loadIPPluginJar : add spi
2026-01-26 15:08:00,403 [INFO] IPUIPlugin:80 - create IPUIPlugin
2026-01-26 15:08:00,403 [INFO] PluginManager:220 - loadIPPluginJar : add stm32_wpan
2026-01-26 15:08:00,404 [INFO] IPUIPlugin:80 - create IPUIPlugin
2026-01-26 15:08:00,405 [INFO] PluginManager:220 - loadIPPluginJar : add tim
2026-01-26 15:08:00,407 [INFO] IPUIPlugin:80 - create IPUIPlugin
2026-01-26 15:08:00,407 [INFO] PluginManager:220 - loadIPPluginJar : add touchsensing
2026-01-26 15:08:00,409 [INFO] IPUIPlugin:80 - create IPUIPlugin
2026-01-26 15:08:00,409 [INFO] PluginManager:220 - loadIPPluginJar : add tracer_emb
2026-01-26 15:08:00,410 [INFO] IPUIPlugin:80 - create IPUIPlugin
2026-01-26 15:08:00,410 [INFO] PluginManager:220 - loadIPPluginJar : add ts
2026-01-26 15:08:00,411 [INFO] IPUIPlugin:80 - create IPUIPlugin
2026-01-26 15:08:00,411 [INFO] PluginManager:220 - loadIPPluginJar : add tsc
2026-01-26 15:08:00,412 [INFO] IPUIPlugin:80 - create IPUIPlugin
2026-01-26 15:08:00,412 [INFO] PluginManager:220 - loadIPPluginJar : add ucpd
2026-01-26 15:08:00,414 [INFO] IPUIPlugin:80 - create IPUIPlugin
2026-01-26 15:08:00,414 [INFO] PluginManager:220 - loadIPPluginJar : add usart
2026-01-26 15:08:00,416 [INFO] IPUIPlugin:80 - create IPUIPlugin
2026-01-26 15:08:00,416 [INFO] PluginManager:220 - loadIPPluginJar : add usbx
2026-01-26 15:08:00,534 [FATAL] Updater:351 - Updater called before beeing initialized
2026-01-26 15:08:00,579 [INFO] RulesReader:64 - Compatibility file has been processed (302 Rules)
2026-01-26 15:08:00,593 [INFO] RulesReader:64 - Compatibility file has been processed (302 Rules)
2026-01-26 15:08:00,601 [INFO] CADModel:165 - CPN selected for project level
2026-01-26 15:08:00,602 [INFO] CADModel:114 - Register for checkConnection events
2026-01-26 15:08:00,602 [FATAL] Updater:351 - Updater called before beeing initialized
2026-01-26 15:08:00,602 [ERROR] CADModel:125 - Updater not yet initialized, retry later 
2026-01-26 15:08:00,753 [FATAL] Updater:351 - Updater called before beeing initialized
2026-01-26 15:08:00,755 [INFO] CADModel:165 - CPN selected for project level
2026-01-26 15:08:00,755 [INFO] CADModel:114 - Register for checkConnection events
2026-01-26 15:08:00,755 [FATAL] Updater:351 - Updater called before beeing initialized
2026-01-26 15:08:00,755 [ERROR] CADModel:125 - Updater not yet initialized, retry later 
2026-01-26 15:08:00,759 [FATAL] Updater:351 - Updater called before beeing initialized
2026-01-26 15:08:00,852 [FATAL] Updater:351 - Updater called before beeing initialized
2026-01-26 15:08:00,854 [INFO] DbMcusAds:53 - JSON generation date=Tue Dec 16 02:11:46 TRT 2025 (1765840306612)
2026-01-26 15:08:00,855 [FATAL] Updater:351 - Updater called before beeing initialized
2026-01-26 15:08:00,883 [WARN] DetailPanel:346 - Failed to get advertising image, set to default
2026-01-26 15:08:01,049 [FATAL] Updater:351 - Updater called before beeing initialized
2026-01-26 15:08:01,051 [FATAL] Updater:351 - Updater called before beeing initialized
2026-01-26 15:08:01,051 [FATAL] Updater:351 - Updater called before beeing initialized
2026-01-26 15:08:01,051 [WARN] DetailPanel:346 - Failed to get advertising image, set to default
2026-01-26 15:08:01,052 [FATAL] Updater:351 - Updater called before beeing initialized
2026-01-26 15:08:01,092 [ERROR] Updater:1198 - MainUpdater not yet initialized. External WinMGr cannot be set.
2026-01-26 15:08:01,093 [INFO] Updater:1134 - Updater Version found : 6.14.1
2026-01-26 15:08:01,105 [INFO] ApplicationProperties:184 - Using Application install path: C:\ST\STM32CubeIDE_1.18.1\STM32CubeIDE\plugins\com.st.stm32cube.common.mx_6.14.1.202504091515
2026-01-26 15:08:02,683 [ERROR] LogOutputStream:75 - [STDERR_REDIRECT] Jan 26, 2026 3:08:02 PM java.util.prefs.WindowsPreferences <init>
2026-01-26 15:08:02,684 [ERROR] LogOutputStream:75 - [STDERR_REDIRECT] WARNING: Could not open/create prefs root node Software\JavaSoft\Prefs at root 0xffffffff80000002. Windows RegCreateKeyEx(...) returned error code 5.
2026-01-26 15:08:02,685 [ERROR] LogOutputStream:75 - [STDERR_REDIRECT] 
2026-01-26 15:08:02,852 [INFO] ThirdPartyUpdaterWithRetryManager:70 - Updater plugin not ready yet. [2/15]
2026-01-26 15:08:03,109 [INFO] MainUpdater:2872 - connection check result : 10
2026-01-26 15:08:03,110 [INFO] MainUpdater:289 - Updater Check For Update Now.
2026-01-26 15:08:03,110 [INFO] MicroXplorer:498 - Change Database Version : DB.6.0.141
2026-01-26 15:08:03,133 [INFO] McuFinderGlobals:63 - Set McuFinder mode to 2 (CubeIDE integrated)
2026-01-26 15:08:03,135 [INFO] UserAuth:484 - Internet connection configuration mode: 1
2026-01-26 15:08:03,197 [INFO] JxBrowserEngine:152 - Initiate JxBrowser Engine with user profile folder
2026-01-26 15:08:03,309 [INFO] CheckServerUpdateThread:120 - End of CheckServer Thread
2026-01-26 15:08:04,510 [INFO] WebApp:169 - Instantiating new browser for Auth
2026-01-26 15:08:05,061 [INFO] WebApp:463 - Apply proxy settings
2026-01-26 15:08:05,061 [INFO] WebApp:548 - Chromium requires no authentication
2026-01-26 15:08:05,069 [INFO] WebApp:491 - Direct internet connection detected
2026-01-26 15:08:05,084 [INFO] WebApp:894 - Register for checkConnection events
2026-01-26 15:08:05,085 [INFO] WebApp:463 - Apply proxy settings
2026-01-26 15:08:05,085 [INFO] WebApp:548 - Chromium requires no authentication
2026-01-26 15:08:05,085 [INFO] WebApp:491 - Direct internet connection detected
2026-01-26 15:08:05,224 [INFO] WebApp:225 - Starting web application
2026-01-26 15:08:05,224 [INFO] WebApp:593 - Web application path used C:\ST\STM32CubeIDE_1.18.1\STM32CubeIDE\plugins\com.st.stm32cube.common.mx_6.14.1.202504091515\db\plugins\mcufinder\reactClient1\index.html
2026-01-26 15:08:05,339 [INFO] UserAuth:484 - Internet connection configuration mode: 1
2026-01-26 15:08:05,454 [INFO] WebApp:191 - Connection restablished
2026-01-26 15:08:06,044 [WARN] PackLoader:240 - Cannot read IP mode file for STMicroelectronics.FP-SNS-MOTENVWB1.1.4.0
2026-01-26 15:08:06,050 [WARN] PackLoader:240 - Cannot read IP mode file for STMicroelectronics.FP-ATR-ASTRA1.2.0.2
2026-01-26 15:08:06,056 [WARN] PackLoader:240 - Cannot read IP mode file for STMicroelectronics.X-CUBE-SMBUS.2.1.0
2026-01-26 15:08:06,077 [WARN] PackLoader:240 - Cannot read IP mode file for STMicroelectronics.X-CUBE-AZRTOS-F7.1.1.0
2026-01-26 15:08:06,082 [ERROR] Engine:466 - C:\Users\Onur Fidan\.stm32cubemx\thirdparties\pdsc\STMicroelectronics.FP-SNS-MOTENV1.5.1.0.pdsc: PDSC version is not supported
2026-01-26 15:08:06,084 [ERROR] Engine:466 - C:\Users\Onur Fidan\.stm32cubemx\thirdparties\pdsc\WES.I-CUBE-Cesium.1.4.0.pdsc: PDSC version is not supported
2026-01-26 15:08:06,103 [WARN] PackLoader:240 - Cannot read IP mode file for STMicroelectronics.X-CUBE-AZRTOS-H7.3.4.0
2026-01-26 15:08:06,114 [WARN] PackLoader:240 - Cannot read IP mode file for STMicroelectronics.X-CUBE-DISPLAY.3.0.0
2026-01-26 15:08:06,124 [WARN] PackLoader:240 - Cannot read IP mode file for STMicroelectronics.X-CUBE-NFC10.1.0.0
2026-01-26 15:08:06,128 [WARN] PackLoader:240 - Cannot read IP mode file for STMicroelectronics.X-CUBE-ST60.1.1.0
2026-01-26 15:08:06,133 [WARN] PackLoader:240 - Cannot read IP mode file for emotas.I-CUBE-CANOPEN.1.3.0
2026-01-26 15:08:06,144 [WARN] PackLoader:240 - Cannot read IP mode file for STMicroelectronics.X-CUBE-GNSS1.7.1.0
2026-01-26 15:08:06,148 [ERROR] Engine:466 - C:\Users\Onur Fidan\.stm32cubemx\thirdparties\pdsc\STMicroelectronics.FP-SNS-STBOX1.2.1.0.pdsc: PDSC version is not supported
2026-01-26 15:08:06,151 [WARN] PackLoader:240 - Cannot read IP mode file for STMicroelectronics.FP-SNS-SMARTAG2.1.2.0
2026-01-26 15:08:06,154 [WARN] PackLoader:240 - Cannot read IP mode file for STMicroelectronics.FP-SNS-FLIGHT1.5.1.0
2026-01-26 15:08:06,161 [INFO] LogOutputStream:77 - [STDOUT_REDIRECT] 1 : Invalid condition id : UX_CORESTACK_Condition cause : null
2026-01-26 15:08:06,162 [INFO] LogOutputStream:77 - [STDOUT_REDIRECT] 1 : Invalid condition id : UX_CORESTACK_Condition cause : null
2026-01-26 15:08:06,163 [INFO] LogOutputStream:77 - [STDOUT_REDIRECT] 1 : Invalid condition id : UX_CORESTACK_Condition cause : null
2026-01-26 15:08:06,163 [INFO] LogOutputStream:77 - [STDOUT_REDIRECT] 1 : Invalid condition id : UX_CORESTACK_Condition cause : null
2026-01-26 15:08:06,164 [INFO] LogOutputStream:77 - [STDOUT_REDIRECT] 1 : Invalid condition id : UX_CORESTACK_Condition cause : null
2026-01-26 15:08:06,167 [WARN] PackLoader:240 - Cannot read IP mode file for STMicroelectronics.X-CUBE-AZRTOS-WL.2.0.0
2026-01-26 15:08:06,177 [WARN] PackLoader:240 - Cannot read IP mode file for STMicroelectronics.X-CUBE-AZRTOS-H7RS.1.2.0
2026-01-26 15:08:06,184 [WARN] PackLoader:240 - Cannot read IP mode file for STMicroelectronics.X-CUBE-BLE2.3.3.0
2026-01-26 15:08:06,216 [WARN] PackLoader:240 - Cannot read IP mode file for Infineon.AIROC-Wi-Fi-Bluetooth-STM32.1.8.0
2026-01-26 15:08:06,227 [WARN] PackLoader:240 - Cannot read IP mode file for STMicroelectronics.X-CUBE-NFC9.1.0.0
2026-01-26 15:08:06,231 [WARN] PackLoader:240 - Cannot read IP mode file for STMicroelectronics.X-CUBE-BLE1.7.1.0
2026-01-26 15:08:06,235 [WARN] PackLoader:240 - Cannot read IP mode file for wolfSSL.I-CUBE-wolfMQTT.1.19.2
2026-01-26 15:08:06,238 [ERROR] Engine:466 - C:\Users\Onur Fidan\.stm32cubemx\thirdparties\pdsc\STMicroelectronics.X-CUBE-FREERTOS.1.4.0.pdsc: PDSC version is not supported
2026-01-26 15:08:06,242 [WARN] PackLoader:240 - Cannot read IP mode file for STMicroelectronics.X-CUBE-EEPRMA1.5.2.0
2026-01-26 15:08:06,246 [WARN] PackLoader:240 - Cannot read IP mode file for wolfSSL.I-CUBE-wolfSSL.5.8.4
2026-01-26 15:08:06,251 [WARN] PackLoader:240 - Cannot read IP mode file for Cesanta.I-CUBE-Mongoose.7.20.0
2026-01-26 15:08:06,254 [ERROR] Engine:466 - C:\Users\Onur Fidan\.stm32cubemx\thirdparties\pdsc\STMicroelectronics.X-CUBE-ST67W61.1.1.0.pdsc: PDSC version is not supported
2026-01-26 15:08:06,279 [WARN] PackLoader:240 - Cannot read IP mode file for STMicroelectronics.X-CUBE-MEMS1.12.0.0
2026-01-26 15:08:06,378 [WARN] PackLoader:240 - Cannot read IP mode file for STMicroelectronics.X-CUBE-AZRTOS-G0.1.1.0
2026-01-26 15:08:06,388 [WARN] PackLoader:240 - Cannot read IP mode file for STMicroelectronics.X-CUBE-NFC4.3.0.0
2026-01-26 15:08:06,395 [WARN] PackLoader:240 - Cannot read IP mode file for EmbeddedOffice.I-CUBE-FS-RTOS.1.0.1
2026-01-26 15:08:06,401 [WARN] PackLoader:240 - Cannot read IP mode file for STMicroelectronics.X-CUBE-WB05N.2.0.0
2026-01-26 15:08:06,405 [WARN] PackLoader:240 - Cannot read IP mode file for wolfSSL.I-CUBE-wolfTPM.3.8.0
2026-01-26 15:08:06,409 [WARN] PackLoader:240 - Cannot read IP mode file for STMicroelectronics.X-CUBE-TCPP.4.2.0
2026-01-26 15:08:06,414 [WARN] PackLoader:240 - Cannot read IP mode file for RealThread.X-CUBE-RT-Thread_Nano.4.1.1
2026-01-26 15:08:06,418 [WARN] PackLoader:240 - Cannot read IP mode file for STMicroelectronics.FP-ATR-SIGFOX1.3.2.0
2026-01-26 15:08:06,424 [WARN] PackLoader:240 - Cannot read IP mode file for ITTIA_DB.I-CUBE-ITTIADB.8.9.0
2026-01-26 15:08:06,429 [WARN] PackLoader:240 - Cannot read IP mode file for STMicroelectronics.X-CUBE-NFC6.3.2.0
2026-01-26 15:08:06,434 [WARN] PackLoader:240 - Cannot read IP mode file for STMicroelectronics.X-CUBE-AI.10.2.0
2026-01-26 15:08:06,449 [WARN] PackLoader:240 - Cannot read IP mode file for SEGGER.I-CUBE-embOS.1.3.1
2026-01-26 15:08:06,471 [WARN] PackLoader:240 - Cannot read IP mode file for STMicroelectronics.X-CUBE-ALGOBUILD.1.4.0
2026-01-26 15:08:06,474 [WARN] PackLoader:240 - Cannot read IP mode file for STMicroelectronics.X-CUBE-PM33A1.1.0.0
2026-01-26 15:08:06,484 [WARN] PackLoader:240 - Cannot read IP mode file for STMicroelectronics.X-CUBE-AZRTOS-F4.1.1.0
2026-01-26 15:08:06,488 [WARN] PackLoader:240 - Cannot read IP mode file for STMicroelectronics.X-CUBE-ISPU.2.1.0
2026-01-26 15:08:06,492 [ERROR] Engine:466 - C:\Users\Onur Fidan\.stm32cubemx\thirdparties\pdsc\STMicroelectronics.X-CUBE-IPS.3.2.0.pdsc: PDSC version is not supported
2026-01-26 15:08:06,497 [WARN] PackLoader:240 - Cannot read IP mode file for STMicroelectronics.X-CUBE-NFC12.1.0.0
2026-01-26 15:08:06,506 [WARN] PackLoader:240 - Cannot read IP mode file for STMicroelectronics.X-CUBE-AZRTOS-L5.2.0.0
2026-01-26 15:08:06,511 [WARN] PackLoader:240 - Cannot read IP mode file for STMicroelectronics.X-CUBE-NFC6.3.1.0
2026-01-26 15:08:06,517 [WARN] PackLoader:240 - Cannot read IP mode file for STMicroelectronics.X-CUBE-TOUCHGFX.4.26.0
2026-01-26 15:08:06,521 [WARN] PackLoader:240 - Cannot read IP mode file for STMicroelectronics.FP-SNS-STAIOTCFT.1.0.0
2026-01-26 15:08:06,525 [WARN] PackLoader:240 - Cannot read IP mode file for STMicroelectronics.X-CUBE-DPower.1.3.0
2026-01-26 15:08:06,534 [WARN] ConditionMgr:438 - getConditionDescription Invalid condition id : LAN8742 Phy interface Condition cause : null
2026-01-26 15:08:06,534 [WARN] PackLoader:240 - Cannot read IP mode file for STMicroelectronics.X-CUBE-AZRTOS-L4.2.0.0
2026-01-26 15:08:06,535 [WARN] ConditionMgr:1044 - genDependencies : Invalid condition id : LAN8742 Phy interface Condition cause : null
2026-01-26 15:08:06,535 [WARN] ConditionMgr:1044 - genDependencies : Invalid condition id : LAN8742 Phy interface Condition cause : null
2026-01-26 15:08:06,535 [WARN] ConditionMgr:1044 - genDependencies : Invalid condition id : LAN8742 Phy interface Condition cause : null
2026-01-26 15:08:06,540 [WARN] PackLoader:240 - Cannot read IP mode file for STMicroelectronics.X-CUBE-SFXS2LP1.4.0.0
2026-01-26 15:08:06,544 [ERROR] Engine:466 - C:\Users\Onur Fidan\.stm32cubemx\thirdparties\pdsc\STMicroelectronics.X-CUBE-ST67W61.1.2.0.pdsc: PDSC version is not supported
2026-01-26 15:08:06,550 [WARN] PackLoader:240 - Cannot read IP mode file for STMicroelectronics.X-CUBE-BLEMGR.4.1.0
2026-01-26 15:08:06,558 [WARN] ConditionMgr:438 - getConditionDescription Invalid condition id : UX DEVICE CLASS RTOS Condition cause : null
2026-01-26 15:08:06,558 [WARN] ConditionMgr:438 - getConditionDescription Invalid condition id : UX DEVICE CLASS RTOS Condition cause : null
2026-01-26 15:08:06,558 [WARN] PackLoader:240 - Cannot read IP mode file for STMicroelectronics.X-CUBE-AZRTOS-WB.2.0.0
2026-01-26 15:08:06,559 [WARN] ConditionMgr:1044 - genDependencies : Invalid condition id : UX DEVICE CLASS RTOS Condition cause : null
2026-01-26 15:08:06,559 [WARN] ConditionMgr:1044 - genDependencies : Invalid condition id : UX DEVICE CLASS RTOS Condition cause : null
2026-01-26 15:08:06,559 [WARN] ConditionMgr:1044 - genDependencies : Invalid condition id : UX DEVICE CLASS RTOS Condition cause : null
2026-01-26 15:08:06,559 [WARN] ConditionMgr:1044 - genDependencies : Invalid condition id : UX DEVICE CLASS RTOS Condition cause : null
2026-01-26 15:08:06,559 [WARN] ConditionMgr:1044 - genDependencies : Invalid condition id : UX DEVICE CLASS RTOS Condition cause : null
2026-01-26 15:08:06,564 [WARN] ConditionMgr:438 - getConditionDescription Invalid condition id : Cortex-A Device cause : null
2026-01-26 15:08:06,569 [WARN] ConditionMgr:1044 - genDependencies : Invalid condition id : Cortex-A Device cause : null
2026-01-26 15:08:06,570 [WARN] ConditionMgr:1044 - genDependencies : Invalid condition id : Cortex-A Device cause : null
2026-01-26 15:08:06,570 [WARN] ConditionMgr:1044 - genDependencies : Invalid condition id : Cortex-A Device cause : null
2026-01-26 15:08:06,575 [WARN] PackLoader:240 - Cannot read IP mode file for STMicroelectronics.X-CUBE-STSE01.2.0.0
2026-01-26 15:08:06,580 [WARN] PackLoader:240 - Cannot read IP mode file for STMicroelectronics.X-CUBE-SUBG2.5.0.0
2026-01-26 15:08:06,590 [WARN] PackLoader:240 - Cannot read IP mode file for STMicroelectronics.X-CUBE-AZRTOS-G4.2.0.0
2026-01-26 15:08:06,593 [WARN] PackLoader:240 - Cannot read IP mode file for wolfSSL.I-CUBE-wolfSSH.1.4.20
2026-01-26 15:08:06,598 [WARN] PackLoader:240 - Cannot read IP mode file for STMicroelectronics.X-CUBE-NFC7.2.0.0
2026-01-26 15:08:06,602 [WARN] PackLoader:240 - Cannot read IP mode file for STMicroelectronics.X-CUBE-ALS.1.0.2
2026-01-26 15:08:06,606 [WARN] PackLoader:240 - Cannot read IP mode file for STMicroelectronics.X-CUBE-STSE01.1.0.0
2026-01-26 15:08:06,614 [WARN] PackLoader:240 - Cannot read IP mode file for STMicroelectronics.X-CUBE-TOF1.3.4.3
2026-01-26 15:08:06,619 [INFO] ThirdParty:978 - Integrity check success = true
2026-01-26 15:08:06,619 [INFO] IntegrityCheckThread:100 - exiting critical section [integrity check]
2026-01-26 15:08:06,619 [INFO] IntegrityCheckThread:103 - End integrity checks thread
2026-01-26 20:08:22,885 [ERROR] LogOutputStream:75 - [STDERR_REDIRECT] 
