2026-02-03 13:42:10,990 [INFO] Activator:176 - 


2026-02-03 13:42:10,995 [INFO] Activator:177 - !SESSION log4j initialized
2026-02-03 13:42:14,336 [INFO] LogOutputStream:77 - [STDOUT_REDIRECT] 
2026-02-03 13:42:15,381 [INFO] ApplicationProperties:184 - Using Application install path: C:\ST\STM32CubeIDE_1.18.1\STM32CubeIDE\plugins\com.st.stm32cube.common.mx_6.14.1.202504091515
2026-02-03 13:42:15,392 [INFO] DbMcusXml:78 - Set database path to: C:\ST\STM32CubeIDE_1.18.1\STM32CubeIDE\plugins\com.st.stm32cube.common.mx_6.14.1.202504091515\\db\/mcu/
2026-02-03 13:42:15,392 [INFO] ApiDb:274 - Set plugin database path to: C:\ST\STM32CubeIDE_1.18.1\STM32CubeIDE\plugins\com.st.stm32cube.common.mx_6.14.1.202504091515\\db\/plugins/boardmanager/
2026-02-03 13:42:15,393 [WARN] ApiDb:259 - Overriding images path with different value:  => C:\ST\STM32CubeIDE_1.18.1\STM32CubeIDE\plugins\com.st.stm32cube.common.mx_6.14.1.202504091515\\db\/plugins/mcufinder/images/
2026-02-03 13:42:15,399 [INFO] ApiDb:250 - Set database path to: C:\Users\Onur Fidan\.stmcufinder\plugins\mcufinder//mcu/
2026-02-03 13:42:15,400 [INFO] DbMcusAds:125 - Set database path to: C:\Users\Onur Fidan\.stmcufinder\plugins\mcufinder//mcu/
2026-02-03 13:42:15,401 [INFO] CrossReferenceDbSqlite:203 - Set database path to: C:\Users\Onur Fidan\.stmcufinder\plugins\mcufinder//mcu/cs/
2026-02-03 13:42:15,476 [INFO] RulesReader:64 - Compatibility file has been processed (302 Rules)
2026-02-03 13:42:15,544 [INFO] DbMcusXml:78 - Set database path to: C:\ST\STM32CubeIDE_1.18.1\STM32CubeIDE\plugins\com.st.stm32cube.common.mx_6.14.1.202504091515\\db\/mcu/
2026-02-03 13:42:15,544 [INFO] ApiDb:274 - Set plugin database path to: C:\ST\STM32CubeIDE_1.18.1\STM32CubeIDE\plugins\com.st.stm32cube.common.mx_6.14.1.202504091515\\db\/plugins/boardmanager/
2026-02-03 13:42:15,544 [INFO] ApiDb:261 - Set plugin images path to: C:\ST\STM32CubeIDE_1.18.1\STM32CubeIDE\plugins\com.st.stm32cube.common.mx_6.14.1.202504091515\\db\/plugins/mcufinder/images/
2026-02-03 13:42:15,544 [WARN] DbFile:41 - Overriding database path with different value: C:\Users\Onur Fidan\.stmcufinder\plugins\mcufinder/ => C:\Users\Onur Fidan\.stmcufinder\plugins\mcufinder
2026-02-03 13:42:15,544 [INFO] ApiDb:250 - Set database path to: C:\Users\Onur Fidan\.stmcufinder\plugins\mcufinder//mcu/
2026-02-03 13:42:15,544 [WARN] DbFile:41 - Overriding database path with different value: C:\Users\Onur Fidan\.stmcufinder\plugins\mcufinder/ => C:\Users\Onur Fidan\.stmcufinder\plugins\mcufinder
2026-02-03 13:42:15,544 [INFO] DbMcusAds:125 - Set database path to: C:\Users\Onur Fidan\.stmcufinder\plugins\mcufinder//mcu/
2026-02-03 13:42:15,544 [WARN] DbFile:41 - Overriding database path with different value: C:\Users\Onur Fidan\.stmcufinder\plugins\mcufinder/ => C:\Users\Onur Fidan\.stmcufinder\plugins\mcufinder
2026-02-03 13:42:15,544 [WARN] DbFile:41 - Overriding database path with different value: C:\Users\Onur Fidan\.stmcufinder\plugins\mcufinder/ => C:\Users\Onur Fidan\.stmcufinder\plugins\mcufinder
2026-02-03 13:42:15,544 [INFO] CrossReferenceDbSqlite:203 - Set database path to: C:\Users\Onur Fidan\.stmcufinder\plugins\mcufinder//mcu/cs/
2026-02-03 13:42:15,604 [INFO] MainPanel:272 - HeapMemory: 268435456
2026-02-03 13:42:15,720 [INFO] DbMcusXml:78 - Set database path to: C:\ST\STM32CubeIDE_1.18.1\STM32CubeIDE\plugins\com.st.stm32cube.common.mx_6.14.1.202504091515\\db\/mcu/
2026-02-03 13:42:15,720 [INFO] ApiDb:274 - Set plugin database path to: C:\ST\STM32CubeIDE_1.18.1\STM32CubeIDE\plugins\com.st.stm32cube.common.mx_6.14.1.202504091515\\db\/plugins/boardmanager/
2026-02-03 13:42:15,720 [INFO] ApiDb:261 - Set plugin images path to: C:\ST\STM32CubeIDE_1.18.1\STM32CubeIDE\plugins\com.st.stm32cube.common.mx_6.14.1.202504091515\\db\/plugins/mcufinder/images/
2026-02-03 13:42:15,720 [WARN] DbFile:41 - Overriding database path with different value: C:\Users\Onur Fidan\.stmcufinder\plugins\mcufinder/ => C:\Users\Onur Fidan\.stmcufinder\plugins\mcufinder
2026-02-03 13:42:15,720 [INFO] ApiDb:250 - Set database path to: C:\Users\Onur Fidan\.stmcufinder\plugins\mcufinder//mcu/
2026-02-03 13:42:15,720 [WARN] DbFile:41 - Overriding database path with different value: C:\Users\Onur Fidan\.stmcufinder\plugins\mcufinder/ => C:\Users\Onur Fidan\.stmcufinder\plugins\mcufinder
2026-02-03 13:42:15,720 [INFO] DbMcusAds:125 - Set database path to: C:\Users\Onur Fidan\.stmcufinder\plugins\mcufinder//mcu/
2026-02-03 13:42:15,721 [WARN] DbFile:41 - Overriding database path with different value: C:\Users\Onur Fidan\.stmcufinder\plugins\mcufinder/ => C:\Users\Onur Fidan\.stmcufinder\plugins\mcufinder
2026-02-03 13:42:15,721 [WARN] DbFile:41 - Overriding database path with different value: C:\Users\Onur Fidan\.stmcufinder\plugins\mcufinder/ => C:\Users\Onur Fidan\.stmcufinder\plugins\mcufinder
2026-02-03 13:42:15,721 [INFO] CrossReferenceDbSqlite:203 - Set database path to: C:\Users\Onur Fidan\.stmcufinder\plugins\mcufinder//mcu/cs/
2026-02-03 13:42:15,738 [INFO] ApplicationProperties:184 - Using Application install path: C:\ST\STM32CubeIDE_1.18.1\STM32CubeIDE\plugins\com.st.stm32cube.common.mx_6.14.1.202504091515
2026-02-03 13:42:15,739 [INFO] PluginManage:196 - Search for loadable plugins [exclusion list=, ]
2026-02-03 13:42:15,740 [INFO] PluginManage:310 - Check plugin analytics
2026-02-03 13:42:15,903 [INFO] AnalyticsPlugin:253 - Accepted Software Licenses: STM32CubeMX.6.16.0
2026-02-03 13:42:15,903 [INFO] AnalyticsPlugin:255 - Accepted CMSIS Pack Licenses: 
2026-02-03 13:42:15,903 [INFO] AnalyticsPlugin:257 - Accepted Firmware Licenses: FW.F4.1.28.0
2026-02-03 13:42:15,904 [INFO] PluginManage:359 - Loaded plugin analytics (category:tool,tabindex:-1)
2026-02-03 13:42:15,905 [INFO] PluginManage:310 - Check plugin cadmodel
2026-02-03 13:42:15,910 [INFO] CADModel:105 - Init CAD model plugin
2026-02-03 13:42:15,911 [INFO] PluginManage:359 - Loaded plugin cadmodel (category:power,tabindex:5)
2026-02-03 13:42:15,911 [INFO] PluginManage:310 - Check plugin clock
2026-02-03 13:42:15,920 [INFO] PluginManage:359 - Loaded plugin clock (category:base,tabindex:2)
2026-02-03 13:42:15,920 [INFO] PluginManage:310 - Check plugin ddr
2026-02-03 13:42:15,923 [INFO] PluginManage:359 - Loaded plugin ddr (category:tool,tabindex:6)
2026-02-03 13:42:15,924 [INFO] PluginManage:310 - Check plugin filemanager
2026-02-03 13:42:16,041 [INFO] PluginManage:359 - Loaded plugin filemanager (category:base,tabindex:10)
2026-02-03 13:42:16,041 [INFO] PluginManage:310 - Check plugin ipmanager
2026-02-03 13:42:16,047 [INFO] PluginManage:359 - Loaded plugin ipmanager (category:base,tabindex:5)
2026-02-03 13:42:16,047 [INFO] PluginManage:310 - Check plugin lpbam
2026-02-03 13:42:16,055 [INFO] PluginManage:359 - Loaded plugin lpbam (category:base,tabindex:0)
2026-02-03 13:42:16,055 [INFO] PluginManage:310 - Check plugin memorymap
2026-02-03 13:42:16,067 [INFO] PluginManage:359 - Loaded plugin memorymap (category:base,tabindex:4)
2026-02-03 13:42:16,067 [INFO] PluginManage:310 - Check plugin pinoutandconfiguration
2026-02-03 13:42:16,077 [INFO] PluginManage:359 - Loaded plugin pinoutandconfiguration (category:base,tabindex:1)
2026-02-03 13:42:16,077 [INFO] PluginManage:310 - Check plugin pinoutconfig
2026-02-03 13:42:16,159 [WARN] SupportedApi:132 - Cannot load RTOS API schema: s4s-elt-must-match.1: The content of 'definitions' must match (annotation?, (simpleType | complexType)?, (unique | key | keyref)*)). A problem was found starting at: attribute.
2026-02-03 13:42:16,257 [INFO] PluginManage:359 - Loaded plugin pinoutconfig (category:base,tabindex:0)
2026-02-03 13:42:16,258 [INFO] PluginManage:310 - Check plugin power
2026-02-03 13:42:16,265 [INFO] PluginManage:359 - Loaded plugin power (category:power,tabindex:4)
2026-02-03 13:42:16,265 [INFO] PluginManage:310 - Check plugin projectmanager
2026-02-03 13:42:16,275 [INFO] PluginManage:359 - Loaded plugin projectmanager (category:projectmanager,tabindex:4)
2026-02-03 13:42:16,276 [INFO] PluginManage:310 - Check plugin rif
2026-02-03 13:42:16,282 [INFO] PluginManage:359 - Loaded plugin rif (category:base,tabindex:3)
2026-02-03 13:42:16,282 [INFO] PluginManage:310 - Check plugin thirdparty
2026-02-03 13:42:16,383 [INFO] PluginManage:359 - Loaded plugin thirdparty (category:base,tabindex:-1)
2026-02-03 13:42:16,383 [WARN] IntegrityCheckThread:84 - waiting for thirdparty lock release [integrity check]
2026-02-03 13:42:16,384 [INFO] IntegrityCheckThread:86 - entering critical section [integrity check]
2026-02-03 13:42:16,384 [INFO] PluginManage:310 - Check plugin tools
2026-02-03 13:42:16,384 [INFO] ThirdPartyUpdaterWithRetryManager:70 - Updater plugin not ready yet. [1/15]
2026-02-03 13:42:16,386 [INFO] PluginManage:359 - Loaded plugin tools (category:base,tabindex:7)
2026-02-03 13:42:16,386 [INFO] PluginManage:310 - Check plugin tutovideos
2026-02-03 13:42:16,525 [INFO] PluginManage:359 - Loaded plugin tutovideos (category:base,tabindex:-1)
2026-02-03 13:42:16,525 [INFO] PluginManage:310 - Check plugin updater
2026-02-03 13:42:16,546 [INFO] PluginManage:359 - Loaded plugin updater (category:base,tabindex:12)
2026-02-03 13:42:16,546 [INFO] PluginManage:310 - Check plugin userauth
2026-02-03 13:42:16,550 [INFO] UserAuth:118 - Init User Auth plugin
2026-02-03 13:42:16,550 [INFO] PluginManage:359 - Loaded plugin userauth (category:base,tabindex:14)
2026-02-03 13:42:16,550 [INFO] PluginManage:283 - PluginManage : Loaded plugins [18]
2026-02-03 13:42:16,718 [INFO] PinOutPanel:1589 - setPackage(No Configuration,No Configuration)
2026-02-03 13:42:16,777 [INFO] CADModel:165 - CPN selected for project level
2026-02-03 13:42:16,777 [INFO] CADModel:114 - Register for checkConnection events
2026-02-03 13:42:16,788 [INFO] IPUIPlugin:80 - create IPUIPlugin
2026-02-03 13:42:16,788 [INFO] PluginManager:220 - loadIPPluginJar : add adc
2026-02-03 13:42:16,790 [INFO] IPUIPlugin:80 - create IPUIPlugin
2026-02-03 13:42:16,790 [INFO] PluginManager:220 - loadIPPluginJar : add aes
2026-02-03 13:42:16,793 [INFO] IPUIPlugin:80 - create IPUIPlugin
2026-02-03 13:42:16,793 [INFO] PluginManager:220 - loadIPPluginJar : add can
2026-02-03 13:42:16,794 [INFO] IPUIPlugin:80 - create IPUIPlugin
2026-02-03 13:42:16,794 [INFO] PluginManager:220 - loadIPPluginJar : add comp
2026-02-03 13:42:16,796 [INFO] IPUIPlugin:80 - create IPUIPlugin
2026-02-03 13:42:16,796 [INFO] PluginManager:220 - loadIPPluginJar : add cryp
2026-02-03 13:42:16,798 [INFO] IPUIPlugin:80 - create IPUIPlugin
2026-02-03 13:42:16,798 [INFO] PluginManager:220 - loadIPPluginJar : add ddr_ctrl_phy
2026-02-03 13:42:16,800 [INFO] IPUIPlugin:80 - create IPUIPlugin
2026-02-03 13:42:16,800 [INFO] PluginManager:220 - loadIPPluginJar : add dfsdm
2026-02-03 13:42:16,803 [INFO] IPUIPlugin:80 - create IPUIPlugin
2026-02-03 13:42:16,803 [INFO] PluginManager:220 - loadIPPluginJar : add dma
2026-02-03 13:42:16,805 [INFO] IPUIPlugin:80 - create IPUIPlugin
2026-02-03 13:42:16,805 [INFO] PluginManager:220 - loadIPPluginJar : add dma3
2026-02-03 13:42:16,807 [INFO] IPUIPlugin:80 - create IPUIPlugin
2026-02-03 13:42:16,807 [INFO] PluginManager:220 - loadIPPluginJar : add extmemmanager
2026-02-03 13:42:16,808 [INFO] IPUIPlugin:80 - create IPUIPlugin
2026-02-03 13:42:16,808 [INFO] PluginManager:220 - loadIPPluginJar : add fatfs
2026-02-03 13:42:16,810 [INFO] IPUIPlugin:80 - create IPUIPlugin
2026-02-03 13:42:16,810 [INFO] PluginManager:220 - loadIPPluginJar : add fmc
2026-02-03 13:42:16,815 [INFO] IPUIPlugin:80 - create IPUIPlugin
2026-02-03 13:42:16,815 [INFO] PluginManager:220 - loadIPPluginJar : add freertos
2026-02-03 13:42:16,816 [INFO] IPUIPlugin:80 - create IPUIPlugin
2026-02-03 13:42:16,816 [INFO] PluginManager:220 - loadIPPluginJar : add genericplugin
2026-02-03 13:42:16,818 [INFO] IPUIPlugin:80 - create IPUIPlugin
2026-02-03 13:42:16,818 [INFO] PluginManager:220 - loadIPPluginJar : add gfxmmu
2026-02-03 13:42:16,821 [INFO] IPUIPlugin:80 - create IPUIPlugin
2026-02-03 13:42:16,821 [INFO] PluginManager:220 - loadIPPluginJar : add gic
2026-02-03 13:42:16,824 [INFO] IPUIPlugin:80 - create IPUIPlugin
2026-02-03 13:42:16,824 [INFO] PluginManager:220 - loadIPPluginJar : add gpio
2026-02-03 13:42:16,826 [INFO] IPUIPlugin:80 - create IPUIPlugin
2026-02-03 13:42:16,826 [INFO] PluginManager:220 - loadIPPluginJar : add gtzc
2026-02-03 13:42:16,828 [INFO] IPUIPlugin:80 - create IPUIPlugin
2026-02-03 13:42:16,828 [INFO] PluginManager:220 - loadIPPluginJar : add hash
2026-02-03 13:42:16,830 [INFO] IPUIPlugin:80 - create IPUIPlugin
2026-02-03 13:42:16,830 [INFO] PluginManager:220 - loadIPPluginJar : add i2c
2026-02-03 13:42:16,831 [INFO] IPUIPlugin:80 - create IPUIPlugin
2026-02-03 13:42:16,831 [INFO] PluginManager:220 - loadIPPluginJar : add i2s
2026-02-03 13:42:16,834 [INFO] IPUIPlugin:80 - create IPUIPlugin
2026-02-03 13:42:16,834 [INFO] PluginManager:220 - loadIPPluginJar : add i3c
2026-02-03 13:42:16,837 [INFO] IPUIPlugin:80 - create IPUIPlugin
2026-02-03 13:42:16,837 [INFO] PluginManager:220 - loadIPPluginJar : add ipddr
2026-02-03 13:42:16,843 [INFO] IPUIPlugin:80 - create IPUIPlugin
2026-02-03 13:42:16,843 [INFO] PluginManager:220 - loadIPPluginJar : add linkedlist
2026-02-03 13:42:16,845 [INFO] IPUIPlugin:80 - create IPUIPlugin
2026-02-03 13:42:16,845 [INFO] PluginManager:220 - loadIPPluginJar : add lorawan
2026-02-03 13:42:16,846 [INFO] IPUIPlugin:80 - create IPUIPlugin
2026-02-03 13:42:16,846 [INFO] PluginManager:220 - loadIPPluginJar : add ltdc
2026-02-03 13:42:16,850 [INFO] IPUIPlugin:80 - create IPUIPlugin
2026-02-03 13:42:16,850 [INFO] PluginManager:220 - loadIPPluginJar : add mdma
2026-02-03 13:42:16,854 [INFO] IPUIPlugin:80 - create IPUIPlugin
2026-02-03 13:42:16,854 [INFO] PluginManager:220 - loadIPPluginJar : add nvic
2026-02-03 13:42:16,856 [INFO] IPUIPlugin:80 - create IPUIPlugin
2026-02-03 13:42:16,856 [INFO] PluginManager:220 - loadIPPluginJar : add opamp
2026-02-03 13:42:16,858 [INFO] IPUIPlugin:80 - create IPUIPlugin
2026-02-03 13:42:16,858 [INFO] PluginManager:220 - loadIPPluginJar : add openamp
2026-02-03 13:42:16,860 [INFO] IPUIPlugin:80 - create IPUIPlugin
2026-02-03 13:42:16,860 [INFO] PluginManager:220 - loadIPPluginJar : add pdm2pcm
2026-02-03 13:42:16,863 [INFO] IPUIPlugin:80 - create IPUIPlugin
2026-02-03 13:42:16,865 [INFO] PluginManager:220 - loadIPPluginJar : add plateformsettings
2026-02-03 13:42:16,866 [INFO] IPUIPlugin:80 - create IPUIPlugin
2026-02-03 13:42:16,866 [INFO] PluginManager:220 - loadIPPluginJar : add quadspi
2026-02-03 13:42:16,867 [INFO] IPUIPlugin:80 - create IPUIPlugin
2026-02-03 13:42:16,867 [INFO] PluginManager:220 - loadIPPluginJar : add radio
2026-02-03 13:42:16,870 [INFO] IPUIPlugin:80 - create IPUIPlugin
2026-02-03 13:42:16,870 [INFO] PluginManager:220 - loadIPPluginJar : add resmgrutility
2026-02-03 13:42:16,872 [INFO] IPUIPlugin:80 - create IPUIPlugin
2026-02-03 13:42:16,872 [INFO] PluginManager:220 - loadIPPluginJar : add sai
2026-02-03 13:42:16,875 [INFO] IPUIPlugin:80 - create IPUIPlugin
2026-02-03 13:42:16,875 [INFO] PluginManager:220 - loadIPPluginJar : add spi
2026-02-03 13:42:16,879 [INFO] IPUIPlugin:80 - create IPUIPlugin
2026-02-03 13:42:16,879 [INFO] PluginManager:220 - loadIPPluginJar : add stm32_wpan
2026-02-03 13:42:16,881 [INFO] IPUIPlugin:80 - create IPUIPlugin
2026-02-03 13:42:16,881 [INFO] PluginManager:220 - loadIPPluginJar : add tim
2026-02-03 13:42:16,883 [INFO] IPUIPlugin:80 - create IPUIPlugin
2026-02-03 13:42:16,884 [INFO] PluginManager:220 - loadIPPluginJar : add touchsensing
2026-02-03 13:42:16,885 [INFO] IPUIPlugin:80 - create IPUIPlugin
2026-02-03 13:42:16,886 [INFO] PluginManager:220 - loadIPPluginJar : add tracer_emb
2026-02-03 13:42:16,886 [INFO] IPUIPlugin:80 - create IPUIPlugin
2026-02-03 13:42:16,886 [INFO] PluginManager:220 - loadIPPluginJar : add ts
2026-02-03 13:42:16,888 [INFO] IPUIPlugin:80 - create IPUIPlugin
2026-02-03 13:42:16,888 [INFO] PluginManager:220 - loadIPPluginJar : add tsc
2026-02-03 13:42:16,888 [INFO] IPUIPlugin:80 - create IPUIPlugin
2026-02-03 13:42:16,890 [INFO] PluginManager:220 - loadIPPluginJar : add ucpd
2026-02-03 13:42:16,892 [INFO] IPUIPlugin:80 - create IPUIPlugin
2026-02-03 13:42:16,892 [INFO] PluginManager:220 - loadIPPluginJar : add usart
2026-02-03 13:42:16,893 [INFO] IPUIPlugin:80 - create IPUIPlugin
2026-02-03 13:42:16,893 [INFO] PluginManager:220 - loadIPPluginJar : add usbx
2026-02-03 13:42:16,999 [FATAL] Updater:351 - Updater called before beeing initialized
2026-02-03 13:42:17,020 [INFO] RulesReader:64 - Compatibility file has been processed (302 Rules)
2026-02-03 13:42:17,029 [INFO] RulesReader:64 - Compatibility file has been processed (302 Rules)
2026-02-03 13:42:17,035 [INFO] CADModel:165 - CPN selected for project level
2026-02-03 13:42:17,035 [INFO] CADModel:114 - Register for checkConnection events
2026-02-03 13:42:17,035 [FATAL] Updater:351 - Updater called before beeing initialized
2026-02-03 13:42:17,035 [ERROR] CADModel:125 - Updater not yet initialized, retry later 
2026-02-03 13:42:17,178 [FATAL] Updater:351 - Updater called before beeing initialized
2026-02-03 13:42:17,180 [INFO] CADModel:165 - CPN selected for project level
2026-02-03 13:42:17,180 [INFO] CADModel:114 - Register for checkConnection events
2026-02-03 13:42:17,181 [FATAL] Updater:351 - Updater called before beeing initialized
2026-02-03 13:42:17,181 [ERROR] CADModel:125 - Updater not yet initialized, retry later 
2026-02-03 13:42:17,185 [FATAL] Updater:351 - Updater called before beeing initialized
2026-02-03 13:42:17,271 [FATAL] Updater:351 - Updater called before beeing initialized
2026-02-03 13:42:17,275 [INFO] DbMcusAds:53 - JSON generation date=Thu Jan 08 18:57:51 TRT 2026 (1767887871456)
2026-02-03 13:42:17,275 [FATAL] Updater:351 - Updater called before beeing initialized
2026-02-03 13:42:17,303 [WARN] DetailPanel:346 - Failed to get advertising image, set to default
2026-02-03 13:42:17,481 [FATAL] Updater:351 - Updater called before beeing initialized
2026-02-03 13:42:17,484 [FATAL] Updater:351 - Updater called before beeing initialized
2026-02-03 13:42:17,484 [FATAL] Updater:351 - Updater called before beeing initialized
2026-02-03 13:42:17,484 [WARN] DetailPanel:346 - Failed to get advertising image, set to default
2026-02-03 13:42:17,485 [FATAL] Updater:351 - Updater called before beeing initialized
2026-02-03 13:42:17,515 [ERROR] Updater:1198 - MainUpdater not yet initialized. External WinMGr cannot be set.
2026-02-03 13:42:17,517 [INFO] Updater:1134 - Updater Version found : 6.14.1
2026-02-03 13:42:17,532 [INFO] ApplicationProperties:184 - Using Application install path: C:\ST\STM32CubeIDE_1.18.1\STM32CubeIDE\plugins\com.st.stm32cube.common.mx_6.14.1.202504091515
2026-02-03 13:42:19,100 [ERROR] LogOutputStream:75 - [STDERR_REDIRECT] Feb 03, 2026 1:42:19 PM java.util.prefs.WindowsPreferences <init>
2026-02-03 13:42:19,100 [ERROR] LogOutputStream:75 - [STDERR_REDIRECT] WARNING: Could not open/create prefs root node Software\JavaSoft\Prefs at root 0xffffffff80000002. Windows RegCreateKeyEx(...) returned error code 5.
2026-02-03 13:42:19,100 [ERROR] LogOutputStream:75 - [STDERR_REDIRECT] 
2026-02-03 13:42:19,385 [INFO] ThirdPartyUpdaterWithRetryManager:70 - Updater plugin not ready yet. [2/15]
2026-02-03 13:42:19,543 [INFO] MainUpdater:2872 - connection check result : 10
2026-02-03 13:42:19,543 [INFO] MainUpdater:3566 - Updater definition file requires update
2026-02-03 13:42:19,544 [INFO] MainUpdater:289 - Updater Check For Update Now.
2026-02-03 13:42:19,544 [INFO] MicroXplorer:498 - Change Database Version : DB.6.0.141
2026-02-03 13:42:19,550 [INFO] McuFinderGlobals:63 - Set McuFinder mode to 2 (CubeIDE integrated)
2026-02-03 13:42:19,551 [INFO] UserAuth:484 - Internet connection configuration mode: 1
2026-02-03 13:42:19,568 [INFO] JxBrowserEngine:152 - Initiate JxBrowser Engine with user profile folder
2026-02-03 13:42:19,615 [INFO] ServerAccessManage:473 - Download File updaters.zip
2026-02-03 13:42:19,859 [INFO] FileExtend:242 - Unzip File : updaters.zip
2026-02-03 13:42:19,860 [INFO] FileExtend:257 - Standard Zip Deflate
2026-02-03 13:42:20,241 [INFO] ServerAccessManage:473 - Download File PacksControlFlags.xml
2026-02-03 13:42:20,362 [INFO] ServerAccessManage:473 - Download File cubemx.pidx
2026-02-03 13:42:20,748 [INFO] LoadServerUpdatesThread:375 - End of LoadServerUpdate Thread
2026-02-03 13:42:20,897 [INFO] CheckServerUpdateThread:120 - End of CheckServer Thread
2026-02-03 13:42:21,077 [INFO] WebApp:169 - Instantiating new browser for Auth
2026-02-03 13:42:21,664 [INFO] WebApp:463 - Apply proxy settings
2026-02-03 13:42:21,664 [INFO] WebApp:548 - Chromium requires no authentication
2026-02-03 13:42:21,672 [INFO] WebApp:491 - Direct internet connection detected
2026-02-03 13:42:21,693 [INFO] WebApp:894 - Register for checkConnection events
2026-02-03 13:42:21,693 [INFO] WebApp:463 - Apply proxy settings
2026-02-03 13:42:21,693 [INFO] WebApp:548 - Chromium requires no authentication
2026-02-03 13:42:21,695 [INFO] WebApp:491 - Direct internet connection detected
2026-02-03 13:42:21,839 [INFO] WebApp:225 - Starting web application
2026-02-03 13:42:21,839 [INFO] WebApp:593 - Web application path used C:\ST\STM32CubeIDE_1.18.1\STM32CubeIDE\plugins\com.st.stm32cube.common.mx_6.14.1.202504091515\db\plugins\mcufinder\reactClient1\index.html
2026-02-03 13:42:21,969 [INFO] UserAuth:484 - Internet connection configuration mode: 1
2026-02-03 13:42:22,111 [INFO] WebApp:191 - Connection restablished
2026-02-03 13:42:22,587 [WARN] PackLoader:240 - Cannot read IP mode file for STMicroelectronics.FP-SNS-MOTENVWB1.1.4.0
2026-02-03 13:42:22,594 [WARN] PackLoader:240 - Cannot read IP mode file for STMicroelectronics.FP-ATR-ASTRA1.2.0.2
2026-02-03 13:42:22,601 [WARN] PackLoader:240 - Cannot read IP mode file for STMicroelectronics.X-CUBE-SMBUS.2.1.0
2026-02-03 13:42:22,622 [WARN] PackLoader:240 - Cannot read IP mode file for STMicroelectronics.X-CUBE-AZRTOS-F7.1.1.0
2026-02-03 13:42:22,629 [ERROR] Engine:466 - C:\Users\Onur Fidan\.stm32cubemx\thirdparties\pdsc\STMicroelectronics.FP-SNS-MOTENV1.5.1.0.pdsc: PDSC version is not supported
2026-02-03 13:42:22,635 [ERROR] Engine:466 - C:\Users\Onur Fidan\.stm32cubemx\thirdparties\pdsc\WES.I-CUBE-Cesium.1.4.0.pdsc: PDSC version is not supported
2026-02-03 13:42:22,657 [WARN] PackLoader:240 - Cannot read IP mode file for STMicroelectronics.X-CUBE-AZRTOS-H7.3.4.0
2026-02-03 13:42:22,668 [WARN] PackLoader:240 - Cannot read IP mode file for STMicroelectronics.X-CUBE-DISPLAY.3.0.0
2026-02-03 13:42:22,678 [WARN] PackLoader:240 - Cannot read IP mode file for STMicroelectronics.X-CUBE-NFC10.1.0.0
2026-02-03 13:42:22,683 [WARN] PackLoader:240 - Cannot read IP mode file for STMicroelectronics.X-CUBE-ST60.1.1.0
2026-02-03 13:42:22,690 [WARN] PackLoader:240 - Cannot read IP mode file for emotas.I-CUBE-CANOPEN.1.3.0
2026-02-03 13:42:22,698 [WARN] PackLoader:240 - Cannot read IP mode file for STMicroelectronics.X-CUBE-GNSS1.7.1.0
2026-02-03 13:42:22,702 [ERROR] Engine:466 - C:\Users\Onur Fidan\.stm32cubemx\thirdparties\pdsc\STMicroelectronics.FP-SNS-STBOX1.2.1.0.pdsc: PDSC version is not supported
2026-02-03 13:42:22,707 [WARN] PackLoader:240 - Cannot read IP mode file for STMicroelectronics.FP-SNS-SMARTAG2.1.2.0
2026-02-03 13:42:22,712 [WARN] PackLoader:240 - Cannot read IP mode file for STMicroelectronics.FP-SNS-FLIGHT1.5.1.0
2026-02-03 13:42:22,720 [INFO] LogOutputStream:77 - [STDOUT_REDIRECT] 1 : Invalid condition id : UX_CORESTACK_Condition cause : null
2026-02-03 13:42:22,720 [INFO] LogOutputStream:77 - [STDOUT_REDIRECT] 1 : Invalid condition id : UX_CORESTACK_Condition cause : null
2026-02-03 13:42:22,722 [INFO] LogOutputStream:77 - [STDOUT_REDIRECT] 1 : Invalid condition id : UX_CORESTACK_Condition cause : null
2026-02-03 13:42:22,722 [INFO] LogOutputStream:77 - [STDOUT_REDIRECT] 1 : Invalid condition id : UX_CORESTACK_Condition cause : null
2026-02-03 13:42:22,723 [INFO] LogOutputStream:77 - [STDOUT_REDIRECT] 1 : Invalid condition id : UX_CORESTACK_Condition cause : null
2026-02-03 13:42:22,725 [WARN] PackLoader:240 - Cannot read IP mode file for STMicroelectronics.X-CUBE-AZRTOS-WL.2.0.0
2026-02-03 13:42:22,741 [WARN] PackLoader:240 - Cannot read IP mode file for STMicroelectronics.X-CUBE-AZRTOS-H7RS.1.2.0
2026-02-03 13:42:22,746 [WARN] PackLoader:240 - Cannot read IP mode file for STMicroelectronics.X-CUBE-BLE2.3.3.0
2026-02-03 13:42:22,769 [WARN] PackLoader:240 - Cannot read IP mode file for Infineon.AIROC-Wi-Fi-Bluetooth-STM32.1.8.0
2026-02-03 13:42:22,777 [WARN] PackLoader:240 - Cannot read IP mode file for STMicroelectronics.X-CUBE-NFC9.1.0.0
2026-02-03 13:42:22,782 [WARN] PackLoader:240 - Cannot read IP mode file for STMicroelectronics.X-CUBE-BLE1.7.1.0
2026-02-03 13:42:22,786 [WARN] PackLoader:240 - Cannot read IP mode file for wolfSSL.I-CUBE-wolfMQTT.1.19.2
2026-02-03 13:42:22,789 [ERROR] Engine:466 - C:\Users\Onur Fidan\.stm32cubemx\thirdparties\pdsc\STMicroelectronics.X-CUBE-FREERTOS.1.4.0.pdsc: PDSC version is not supported
2026-02-03 13:42:22,793 [WARN] PackLoader:240 - Cannot read IP mode file for STMicroelectronics.X-CUBE-EEPRMA1.5.2.0
2026-02-03 13:42:22,797 [WARN] PackLoader:240 - Cannot read IP mode file for wolfSSL.I-CUBE-wolfSSL.5.8.4
2026-02-03 13:42:22,800 [WARN] PackLoader:240 - Cannot read IP mode file for Cesanta.I-CUBE-Mongoose.7.20.0
2026-02-03 13:42:22,802 [ERROR] Engine:466 - C:\Users\Onur Fidan\.stm32cubemx\thirdparties\pdsc\STMicroelectronics.X-CUBE-ST67W61.1.1.0.pdsc: PDSC version is not supported
2026-02-03 13:42:22,825 [WARN] PackLoader:240 - Cannot read IP mode file for STMicroelectronics.X-CUBE-MEMS1.12.0.0
2026-02-03 13:42:22,888 [WARN] PackLoader:240 - Cannot read IP mode file for STMicroelectronics.X-CUBE-AZRTOS-G0.1.1.0
2026-02-03 13:42:22,895 [WARN] PackLoader:240 - Cannot read IP mode file for STMicroelectronics.X-CUBE-NFC4.3.0.0
2026-02-03 13:42:22,903 [WARN] PackLoader:240 - Cannot read IP mode file for EmbeddedOffice.I-CUBE-FS-RTOS.1.0.1
2026-02-03 13:42:22,907 [WARN] PackLoader:240 - Cannot read IP mode file for STMicroelectronics.X-CUBE-WB05N.2.0.0
2026-02-03 13:42:22,912 [WARN] PackLoader:240 - Cannot read IP mode file for wolfSSL.I-CUBE-wolfTPM.3.8.0
2026-02-03 13:42:22,916 [WARN] PackLoader:240 - Cannot read IP mode file for STMicroelectronics.X-CUBE-TCPP.4.2.0
2026-02-03 13:42:22,921 [WARN] PackLoader:240 - Cannot read IP mode file for RealThread.X-CUBE-RT-Thread_Nano.4.1.1
2026-02-03 13:42:22,925 [WARN] PackLoader:240 - Cannot read IP mode file for STMicroelectronics.FP-ATR-SIGFOX1.3.2.0
2026-02-03 13:42:22,929 [WARN] PackLoader:240 - Cannot read IP mode file for ITTIA_DB.I-CUBE-ITTIADB.8.9.0
2026-02-03 13:42:22,934 [WARN] PackLoader:240 - Cannot read IP mode file for STMicroelectronics.X-CUBE-NFC6.3.2.0
2026-02-03 13:42:22,938 [WARN] PackLoader:240 - Cannot read IP mode file for STMicroelectronics.X-CUBE-AI.10.2.0
2026-02-03 13:42:22,953 [WARN] PackLoader:240 - Cannot read IP mode file for SEGGER.I-CUBE-embOS.1.3.1
2026-02-03 13:42:22,977 [WARN] PackLoader:240 - Cannot read IP mode file for STMicroelectronics.X-CUBE-ALGOBUILD.1.4.0
2026-02-03 13:42:22,983 [WARN] PackLoader:240 - Cannot read IP mode file for STMicroelectronics.X-CUBE-PM33A1.1.0.0
2026-02-03 13:42:22,992 [WARN] PackLoader:240 - Cannot read IP mode file for STMicroelectronics.X-CUBE-AZRTOS-F4.1.1.0
2026-02-03 13:42:22,996 [WARN] PackLoader:240 - Cannot read IP mode file for STMicroelectronics.X-CUBE-ISPU.2.1.0
2026-02-03 13:42:23,000 [ERROR] Engine:466 - C:\Users\Onur Fidan\.stm32cubemx\thirdparties\pdsc\STMicroelectronics.X-CUBE-IPS.3.2.0.pdsc: PDSC version is not supported
2026-02-03 13:42:23,004 [WARN] PackLoader:240 - Cannot read IP mode file for STMicroelectronics.X-CUBE-NFC12.1.0.0
2026-02-03 13:42:23,013 [WARN] PackLoader:240 - Cannot read IP mode file for STMicroelectronics.X-CUBE-AZRTOS-L5.2.0.0
2026-02-03 13:42:23,020 [WARN] PackLoader:240 - Cannot read IP mode file for STMicroelectronics.X-CUBE-NFC6.3.1.0
2026-02-03 13:42:23,026 [WARN] PackLoader:240 - Cannot read IP mode file for STMicroelectronics.X-CUBE-TOUCHGFX.4.26.0
2026-02-03 13:42:23,031 [WARN] PackLoader:240 - Cannot read IP mode file for STMicroelectronics.FP-SNS-STAIOTCFT.1.0.0
2026-02-03 13:42:23,035 [WARN] PackLoader:240 - Cannot read IP mode file for STMicroelectronics.X-CUBE-DPower.1.3.0
2026-02-03 13:42:23,043 [WARN] ConditionMgr:438 - getConditionDescription Invalid condition id : LAN8742 Phy interface Condition cause : null
2026-02-03 13:42:23,043 [WARN] PackLoader:240 - Cannot read IP mode file for STMicroelectronics.X-CUBE-AZRTOS-L4.2.0.0
2026-02-03 13:42:23,044 [WARN] ConditionMgr:1044 - genDependencies : Invalid condition id : LAN8742 Phy interface Condition cause : null
2026-02-03 13:42:23,044 [WARN] ConditionMgr:1044 - genDependencies : Invalid condition id : LAN8742 Phy interface Condition cause : null
2026-02-03 13:42:23,045 [WARN] ConditionMgr:1044 - genDependencies : Invalid condition id : LAN8742 Phy interface Condition cause : null
2026-02-03 13:42:23,049 [WARN] PackLoader:240 - Cannot read IP mode file for STMicroelectronics.X-CUBE-SFXS2LP1.4.0.0
2026-02-03 13:42:23,053 [ERROR] Engine:466 - C:\Users\Onur Fidan\.stm32cubemx\thirdparties\pdsc\STMicroelectronics.X-CUBE-ST67W61.1.2.0.pdsc: PDSC version is not supported
2026-02-03 13:42:23,059 [WARN] PackLoader:240 - Cannot read IP mode file for STMicroelectronics.X-CUBE-BLEMGR.4.1.0
2026-02-03 13:42:23,068 [WARN] ConditionMgr:438 - getConditionDescription Invalid condition id : UX DEVICE CLASS RTOS Condition cause : null
2026-02-03 13:42:23,068 [WARN] ConditionMgr:438 - getConditionDescription Invalid condition id : UX DEVICE CLASS RTOS Condition cause : null
2026-02-03 13:42:23,069 [WARN] PackLoader:240 - Cannot read IP mode file for STMicroelectronics.X-CUBE-AZRTOS-WB.2.0.0
2026-02-03 13:42:23,069 [WARN] ConditionMgr:1044 - genDependencies : Invalid condition id : UX DEVICE CLASS RTOS Condition cause : null
2026-02-03 13:42:23,069 [WARN] ConditionMgr:1044 - genDependencies : Invalid condition id : UX DEVICE CLASS RTOS Condition cause : null
2026-02-03 13:42:23,069 [WARN] ConditionMgr:1044 - genDependencies : Invalid condition id : UX DEVICE CLASS RTOS Condition cause : null
2026-02-03 13:42:23,069 [WARN] ConditionMgr:1044 - genDependencies : Invalid condition id : UX DEVICE CLASS RTOS Condition cause : null
2026-02-03 13:42:23,069 [WARN] ConditionMgr:1044 - genDependencies : Invalid condition id : UX DEVICE CLASS RTOS Condition cause : null
2026-02-03 13:42:23,073 [WARN] ConditionMgr:438 - getConditionDescription Invalid condition id : Cortex-A Device cause : null
2026-02-03 13:42:23,080 [WARN] ConditionMgr:1044 - genDependencies : Invalid condition id : Cortex-A Device cause : null
2026-02-03 13:42:23,080 [WARN] ConditionMgr:1044 - genDependencies : Invalid condition id : Cortex-A Device cause : null
2026-02-03 13:42:23,080 [WARN] ConditionMgr:1044 - genDependencies : Invalid condition id : Cortex-A Device cause : null
2026-02-03 13:42:23,086 [WARN] PackLoader:240 - Cannot read IP mode file for STMicroelectronics.X-CUBE-STSE01.2.0.0
2026-02-03 13:42:23,095 [WARN] PackLoader:240 - Cannot read IP mode file for STMicroelectronics.X-CUBE-SUBG2.5.0.0
2026-02-03 13:42:23,110 [WARN] PackLoader:240 - Cannot read IP mode file for STMicroelectronics.X-CUBE-AZRTOS-G4.2.0.0
2026-02-03 13:42:23,114 [WARN] PackLoader:240 - Cannot read IP mode file for wolfSSL.I-CUBE-wolfSSH.1.4.20
2026-02-03 13:42:23,120 [WARN] PackLoader:240 - Cannot read IP mode file for STMicroelectronics.X-CUBE-NFC7.2.0.0
2026-02-03 13:42:23,123 [WARN] PackLoader:240 - Cannot read IP mode file for STMicroelectronics.X-CUBE-ALS.1.0.2
2026-02-03 13:42:23,129 [WARN] PackLoader:240 - Cannot read IP mode file for STMicroelectronics.X-CUBE-STSE01.1.0.0
2026-02-03 13:42:23,136 [WARN] PackLoader:240 - Cannot read IP mode file for STMicroelectronics.X-CUBE-TOF1.3.4.3
2026-02-03 13:42:23,143 [INFO] ThirdParty:978 - Integrity check success = true
2026-02-03 13:42:23,143 [INFO] IntegrityCheckThread:100 - exiting critical section [integrity check]
2026-02-03 13:42:23,143 [INFO] IntegrityCheckThread:103 - End integrity checks thread
2026-02-03 13:45:36,661 [ERROR] LogOutputStream:75 - [STDERR_REDIRECT] 
