2026-01-25 10:51:15,217 [INFO] Activator:176 - 


2026-01-25 10:51:15,221 [INFO] Activator:177 - !SESSION log4j initialized
2026-01-25 10:51:21,030 [INFO] LogOutputStream:77 - [STDOUT_REDIRECT] 
2026-01-25 10:51:31,986 [INFO] ApplicationProperties:184 - Using Application install path: C:\ST\STM32CubeIDE_1.18.1\STM32CubeIDE\plugins\com.st.stm32cube.common.mx_6.14.1.202504091515
2026-01-25 10:51:32,006 [INFO] DbMcusXml:78 - Set database path to: C:\ST\STM32CubeIDE_1.18.1\STM32CubeIDE\plugins\com.st.stm32cube.common.mx_6.14.1.202504091515\\db\/mcu/
2026-01-25 10:51:32,006 [INFO] ApiDb:274 - Set plugin database path to: C:\ST\STM32CubeIDE_1.18.1\STM32CubeIDE\plugins\com.st.stm32cube.common.mx_6.14.1.202504091515\\db\/plugins/boardmanager/
2026-01-25 10:51:32,006 [WARN] ApiDb:259 - Overriding images path with different value:  => C:\ST\STM32CubeIDE_1.18.1\STM32CubeIDE\plugins\com.st.stm32cube.common.mx_6.14.1.202504091515\\db\/plugins/mcufinder/images/
2026-01-25 10:51:32,015 [INFO] ApiDb:250 - Set database path to: C:\Users\Onur Fidan\.stmcufinder\plugins\mcufinder//mcu/
2026-01-25 10:51:32,017 [INFO] DbMcusAds:125 - Set database path to: C:\Users\Onur Fidan\.stmcufinder\plugins\mcufinder//mcu/
2026-01-25 10:51:32,038 [INFO] CrossReferenceDbSqlite:203 - Set database path to: C:\Users\Onur Fidan\.stmcufinder\plugins\mcufinder//mcu/cs/
2026-01-25 10:51:32,134 [INFO] RulesReader:64 - Compatibility file has been processed (302 Rules)
2026-01-25 10:51:32,204 [INFO] DbMcusXml:78 - Set database path to: C:\ST\STM32CubeIDE_1.18.1\STM32CubeIDE\plugins\com.st.stm32cube.common.mx_6.14.1.202504091515\\db\/mcu/
2026-01-25 10:51:32,205 [INFO] ApiDb:274 - Set plugin database path to: C:\ST\STM32CubeIDE_1.18.1\STM32CubeIDE\plugins\com.st.stm32cube.common.mx_6.14.1.202504091515\\db\/plugins/boardmanager/
2026-01-25 10:51:32,205 [INFO] ApiDb:261 - Set plugin images path to: C:\ST\STM32CubeIDE_1.18.1\STM32CubeIDE\plugins\com.st.stm32cube.common.mx_6.14.1.202504091515\\db\/plugins/mcufinder/images/
2026-01-25 10:51:32,205 [WARN] DbFile:41 - Overriding database path with different value: C:\Users\Onur Fidan\.stmcufinder\plugins\mcufinder/ => C:\Users\Onur Fidan\.stmcufinder\plugins\mcufinder
2026-01-25 10:51:32,205 [INFO] ApiDb:250 - Set database path to: C:\Users\Onur Fidan\.stmcufinder\plugins\mcufinder//mcu/
2026-01-25 10:51:32,205 [WARN] DbFile:41 - Overriding database path with different value: C:\Users\Onur Fidan\.stmcufinder\plugins\mcufinder/ => C:\Users\Onur Fidan\.stmcufinder\plugins\mcufinder
2026-01-25 10:51:32,205 [INFO] DbMcusAds:125 - Set database path to: C:\Users\Onur Fidan\.stmcufinder\plugins\mcufinder//mcu/
2026-01-25 10:51:32,205 [WARN] DbFile:41 - Overriding database path with different value: C:\Users\Onur Fidan\.stmcufinder\plugins\mcufinder/ => C:\Users\Onur Fidan\.stmcufinder\plugins\mcufinder
2026-01-25 10:51:32,206 [WARN] DbFile:41 - Overriding database path with different value: C:\Users\Onur Fidan\.stmcufinder\plugins\mcufinder/ => C:\Users\Onur Fidan\.stmcufinder\plugins\mcufinder
2026-01-25 10:51:32,206 [INFO] CrossReferenceDbSqlite:203 - Set database path to: C:\Users\Onur Fidan\.stmcufinder\plugins\mcufinder//mcu/cs/
2026-01-25 10:51:32,286 [INFO] MainPanel:272 - HeapMemory: 268435456
2026-01-25 10:51:32,397 [INFO] DbMcusXml:78 - Set database path to: C:\ST\STM32CubeIDE_1.18.1\STM32CubeIDE\plugins\com.st.stm32cube.common.mx_6.14.1.202504091515\\db\/mcu/
2026-01-25 10:51:32,397 [INFO] ApiDb:274 - Set plugin database path to: C:\ST\STM32CubeIDE_1.18.1\STM32CubeIDE\plugins\com.st.stm32cube.common.mx_6.14.1.202504091515\\db\/plugins/boardmanager/
2026-01-25 10:51:32,398 [INFO] ApiDb:261 - Set plugin images path to: C:\ST\STM32CubeIDE_1.18.1\STM32CubeIDE\plugins\com.st.stm32cube.common.mx_6.14.1.202504091515\\db\/plugins/mcufinder/images/
2026-01-25 10:51:32,398 [WARN] DbFile:41 - Overriding database path with different value: C:\Users\Onur Fidan\.stmcufinder\plugins\mcufinder/ => C:\Users\Onur Fidan\.stmcufinder\plugins\mcufinder
2026-01-25 10:51:32,398 [INFO] ApiDb:250 - Set database path to: C:\Users\Onur Fidan\.stmcufinder\plugins\mcufinder//mcu/
2026-01-25 10:51:32,398 [WARN] DbFile:41 - Overriding database path with different value: C:\Users\Onur Fidan\.stmcufinder\plugins\mcufinder/ => C:\Users\Onur Fidan\.stmcufinder\plugins\mcufinder
2026-01-25 10:51:32,398 [INFO] DbMcusAds:125 - Set database path to: C:\Users\Onur Fidan\.stmcufinder\plugins\mcufinder//mcu/
2026-01-25 10:51:32,398 [WARN] DbFile:41 - Overriding database path with different value: C:\Users\Onur Fidan\.stmcufinder\plugins\mcufinder/ => C:\Users\Onur Fidan\.stmcufinder\plugins\mcufinder
2026-01-25 10:51:32,398 [WARN] DbFile:41 - Overriding database path with different value: C:\Users\Onur Fidan\.stmcufinder\plugins\mcufinder/ => C:\Users\Onur Fidan\.stmcufinder\plugins\mcufinder
2026-01-25 10:51:32,398 [INFO] CrossReferenceDbSqlite:203 - Set database path to: C:\Users\Onur Fidan\.stmcufinder\plugins\mcufinder//mcu/cs/
2026-01-25 10:51:32,414 [INFO] ApplicationProperties:184 - Using Application install path: C:\ST\STM32CubeIDE_1.18.1\STM32CubeIDE\plugins\com.st.stm32cube.common.mx_6.14.1.202504091515
2026-01-25 10:51:32,415 [INFO] PluginManage:196 - Search for loadable plugins [exclusion list=, ]
2026-01-25 10:51:32,417 [INFO] PluginManage:310 - Check plugin analytics
2026-01-25 10:51:32,571 [INFO] AnalyticsPlugin:253 - Accepted Software Licenses: STM32CubeMX.6.16.0
2026-01-25 10:51:32,571 [INFO] AnalyticsPlugin:255 - Accepted CMSIS Pack Licenses: 
2026-01-25 10:51:32,571 [INFO] AnalyticsPlugin:257 - Accepted Firmware Licenses: FW.F4.1.28.0
2026-01-25 10:51:32,573 [INFO] PluginManage:359 - Loaded plugin analytics (category:tool,tabindex:-1)
2026-01-25 10:51:32,573 [INFO] PluginManage:310 - Check plugin cadmodel
2026-01-25 10:51:32,580 [INFO] CADModel:105 - Init CAD model plugin
2026-01-25 10:51:32,580 [INFO] PluginManage:359 - Loaded plugin cadmodel (category:power,tabindex:5)
2026-01-25 10:51:32,580 [INFO] PluginManage:310 - Check plugin clock
2026-01-25 10:51:32,589 [INFO] PluginManage:359 - Loaded plugin clock (category:base,tabindex:2)
2026-01-25 10:51:32,589 [INFO] PluginManage:310 - Check plugin ddr
2026-01-25 10:51:32,593 [INFO] PluginManage:359 - Loaded plugin ddr (category:tool,tabindex:6)
2026-01-25 10:51:32,593 [INFO] PluginManage:310 - Check plugin filemanager
2026-01-25 10:51:32,717 [INFO] PluginManage:359 - Loaded plugin filemanager (category:base,tabindex:10)
2026-01-25 10:51:32,717 [INFO] PluginManage:310 - Check plugin ipmanager
2026-01-25 10:51:32,723 [INFO] PluginManage:359 - Loaded plugin ipmanager (category:base,tabindex:5)
2026-01-25 10:51:32,723 [INFO] PluginManage:310 - Check plugin lpbam
2026-01-25 10:51:32,731 [INFO] PluginManage:359 - Loaded plugin lpbam (category:base,tabindex:0)
2026-01-25 10:51:32,731 [INFO] PluginManage:310 - Check plugin memorymap
2026-01-25 10:51:32,744 [INFO] PluginManage:359 - Loaded plugin memorymap (category:base,tabindex:4)
2026-01-25 10:51:32,744 [INFO] PluginManage:310 - Check plugin pinoutandconfiguration
2026-01-25 10:51:32,751 [INFO] PluginManage:359 - Loaded plugin pinoutandconfiguration (category:base,tabindex:1)
2026-01-25 10:51:32,752 [INFO] PluginManage:310 - Check plugin pinoutconfig
2026-01-25 10:51:32,826 [WARN] SupportedApi:132 - Cannot load RTOS API schema: s4s-elt-must-match.1: The content of 'definitions' must match (annotation?, (simpleType | complexType)?, (unique | key | keyref)*)). A problem was found starting at: attribute.
2026-01-25 10:51:32,942 [INFO] PluginManage:359 - Loaded plugin pinoutconfig (category:base,tabindex:0)
2026-01-25 10:51:32,942 [INFO] PluginManage:310 - Check plugin power
2026-01-25 10:51:32,951 [INFO] PluginManage:359 - Loaded plugin power (category:power,tabindex:4)
2026-01-25 10:51:32,951 [INFO] PluginManage:310 - Check plugin projectmanager
2026-01-25 10:51:32,967 [INFO] PluginManage:359 - Loaded plugin projectmanager (category:projectmanager,tabindex:4)
2026-01-25 10:51:32,968 [INFO] PluginManage:310 - Check plugin rif
2026-01-25 10:51:32,977 [INFO] PluginManage:359 - Loaded plugin rif (category:base,tabindex:3)
2026-01-25 10:51:32,977 [INFO] PluginManage:310 - Check plugin thirdparty
2026-01-25 10:51:33,097 [INFO] PluginManage:359 - Loaded plugin thirdparty (category:base,tabindex:-1)
2026-01-25 10:51:33,097 [INFO] PluginManage:310 - Check plugin tools
2026-01-25 10:51:33,097 [WARN] IntegrityCheckThread:84 - waiting for thirdparty lock release [integrity check]
2026-01-25 10:51:33,097 [INFO] IntegrityCheckThread:86 - entering critical section [integrity check]
2026-01-25 10:51:33,097 [INFO] ThirdPartyUpdaterWithRetryManager:70 - Updater plugin not ready yet. [1/15]
2026-01-25 10:51:33,099 [INFO] PluginManage:359 - Loaded plugin tools (category:base,tabindex:7)
2026-01-25 10:51:33,099 [INFO] PluginManage:310 - Check plugin tutovideos
2026-01-25 10:51:33,249 [INFO] PluginManage:359 - Loaded plugin tutovideos (category:base,tabindex:-1)
2026-01-25 10:51:33,250 [INFO] PluginManage:310 - Check plugin updater
2026-01-25 10:51:33,270 [INFO] PluginManage:359 - Loaded plugin updater (category:base,tabindex:12)
2026-01-25 10:51:33,270 [INFO] PluginManage:310 - Check plugin userauth
2026-01-25 10:51:33,275 [INFO] UserAuth:118 - Init User Auth plugin
2026-01-25 10:51:33,275 [INFO] PluginManage:359 - Loaded plugin userauth (category:base,tabindex:14)
2026-01-25 10:51:33,276 [INFO] PluginManage:283 - PluginManage : Loaded plugins [18]
2026-01-25 10:51:33,468 [INFO] PinOutPanel:1589 - setPackage(No Configuration,No Configuration)
2026-01-25 10:51:33,536 [INFO] CADModel:165 - CPN selected for project level
2026-01-25 10:51:33,537 [INFO] CADModel:114 - Register for checkConnection events
2026-01-25 10:51:33,554 [INFO] IPUIPlugin:80 - create IPUIPlugin
2026-01-25 10:51:33,554 [INFO] PluginManager:220 - loadIPPluginJar : add adc
2026-01-25 10:51:33,557 [INFO] IPUIPlugin:80 - create IPUIPlugin
2026-01-25 10:51:33,557 [INFO] PluginManager:220 - loadIPPluginJar : add aes
2026-01-25 10:51:33,559 [INFO] IPUIPlugin:80 - create IPUIPlugin
2026-01-25 10:51:33,559 [INFO] PluginManager:220 - loadIPPluginJar : add can
2026-01-25 10:51:33,560 [INFO] IPUIPlugin:80 - create IPUIPlugin
2026-01-25 10:51:33,560 [INFO] PluginManager:220 - loadIPPluginJar : add comp
2026-01-25 10:51:33,562 [INFO] IPUIPlugin:80 - create IPUIPlugin
2026-01-25 10:51:33,562 [INFO] PluginManager:220 - loadIPPluginJar : add cryp
2026-01-25 10:51:33,565 [INFO] IPUIPlugin:80 - create IPUIPlugin
2026-01-25 10:51:33,565 [INFO] PluginManager:220 - loadIPPluginJar : add ddr_ctrl_phy
2026-01-25 10:51:33,567 [INFO] IPUIPlugin:80 - create IPUIPlugin
2026-01-25 10:51:33,567 [INFO] PluginManager:220 - loadIPPluginJar : add dfsdm
2026-01-25 10:51:33,570 [INFO] IPUIPlugin:80 - create IPUIPlugin
2026-01-25 10:51:33,570 [INFO] PluginManager:220 - loadIPPluginJar : add dma
2026-01-25 10:51:33,572 [INFO] IPUIPlugin:80 - create IPUIPlugin
2026-01-25 10:51:33,572 [INFO] PluginManager:220 - loadIPPluginJar : add dma3
2026-01-25 10:51:33,575 [INFO] IPUIPlugin:80 - create IPUIPlugin
2026-01-25 10:51:33,575 [INFO] PluginManager:220 - loadIPPluginJar : add extmemmanager
2026-01-25 10:51:33,575 [INFO] IPUIPlugin:80 - create IPUIPlugin
2026-01-25 10:51:33,575 [INFO] PluginManager:220 - loadIPPluginJar : add fatfs
2026-01-25 10:51:33,578 [INFO] IPUIPlugin:80 - create IPUIPlugin
2026-01-25 10:51:33,578 [INFO] PluginManager:220 - loadIPPluginJar : add fmc
2026-01-25 10:51:33,582 [INFO] IPUIPlugin:80 - create IPUIPlugin
2026-01-25 10:51:33,582 [INFO] PluginManager:220 - loadIPPluginJar : add freertos
2026-01-25 10:51:33,584 [INFO] IPUIPlugin:80 - create IPUIPlugin
2026-01-25 10:51:33,584 [INFO] PluginManager:220 - loadIPPluginJar : add genericplugin
2026-01-25 10:51:33,585 [INFO] IPUIPlugin:80 - create IPUIPlugin
2026-01-25 10:51:33,586 [INFO] PluginManager:220 - loadIPPluginJar : add gfxmmu
2026-01-25 10:51:33,589 [INFO] IPUIPlugin:80 - create IPUIPlugin
2026-01-25 10:51:33,589 [INFO] PluginManager:220 - loadIPPluginJar : add gic
2026-01-25 10:51:33,593 [INFO] IPUIPlugin:80 - create IPUIPlugin
2026-01-25 10:51:33,593 [INFO] PluginManager:220 - loadIPPluginJar : add gpio
2026-01-25 10:51:33,595 [INFO] IPUIPlugin:80 - create IPUIPlugin
2026-01-25 10:51:33,595 [INFO] PluginManager:220 - loadIPPluginJar : add gtzc
2026-01-25 10:51:33,598 [INFO] IPUIPlugin:80 - create IPUIPlugin
2026-01-25 10:51:33,598 [INFO] PluginManager:220 - loadIPPluginJar : add hash
2026-01-25 10:51:33,599 [INFO] IPUIPlugin:80 - create IPUIPlugin
2026-01-25 10:51:33,600 [INFO] PluginManager:220 - loadIPPluginJar : add i2c
2026-01-25 10:51:33,601 [INFO] IPUIPlugin:80 - create IPUIPlugin
2026-01-25 10:51:33,601 [INFO] PluginManager:220 - loadIPPluginJar : add i2s
2026-01-25 10:51:33,603 [INFO] IPUIPlugin:80 - create IPUIPlugin
2026-01-25 10:51:33,604 [INFO] PluginManager:220 - loadIPPluginJar : add i3c
2026-01-25 10:51:33,607 [INFO] IPUIPlugin:80 - create IPUIPlugin
2026-01-25 10:51:33,607 [INFO] PluginManager:220 - loadIPPluginJar : add ipddr
2026-01-25 10:51:33,611 [INFO] IPUIPlugin:80 - create IPUIPlugin
2026-01-25 10:51:33,611 [INFO] PluginManager:220 - loadIPPluginJar : add linkedlist
2026-01-25 10:51:33,613 [INFO] IPUIPlugin:80 - create IPUIPlugin
2026-01-25 10:51:33,613 [INFO] PluginManager:220 - loadIPPluginJar : add lorawan
2026-01-25 10:51:33,615 [INFO] IPUIPlugin:80 - create IPUIPlugin
2026-01-25 10:51:33,615 [INFO] PluginManager:220 - loadIPPluginJar : add ltdc
2026-01-25 10:51:33,619 [INFO] IPUIPlugin:80 - create IPUIPlugin
2026-01-25 10:51:33,619 [INFO] PluginManager:220 - loadIPPluginJar : add mdma
2026-01-25 10:51:33,621 [INFO] IPUIPlugin:80 - create IPUIPlugin
2026-01-25 10:51:33,621 [INFO] PluginManager:220 - loadIPPluginJar : add nvic
2026-01-25 10:51:33,624 [INFO] IPUIPlugin:80 - create IPUIPlugin
2026-01-25 10:51:33,624 [INFO] PluginManager:220 - loadIPPluginJar : add opamp
2026-01-25 10:51:33,626 [INFO] IPUIPlugin:80 - create IPUIPlugin
2026-01-25 10:51:33,626 [INFO] PluginManager:220 - loadIPPluginJar : add openamp
2026-01-25 10:51:33,628 [INFO] IPUIPlugin:80 - create IPUIPlugin
2026-01-25 10:51:33,628 [INFO] PluginManager:220 - loadIPPluginJar : add pdm2pcm
2026-01-25 10:51:33,632 [INFO] IPUIPlugin:80 - create IPUIPlugin
2026-01-25 10:51:33,633 [INFO] PluginManager:220 - loadIPPluginJar : add plateformsettings
2026-01-25 10:51:33,634 [INFO] IPUIPlugin:80 - create IPUIPlugin
2026-01-25 10:51:33,634 [INFO] PluginManager:220 - loadIPPluginJar : add quadspi
2026-01-25 10:51:33,635 [INFO] IPUIPlugin:80 - create IPUIPlugin
2026-01-25 10:51:33,635 [INFO] PluginManager:220 - loadIPPluginJar : add radio
2026-01-25 10:51:33,639 [INFO] IPUIPlugin:80 - create IPUIPlugin
2026-01-25 10:51:33,639 [INFO] PluginManager:220 - loadIPPluginJar : add resmgrutility
2026-01-25 10:51:33,641 [INFO] IPUIPlugin:80 - create IPUIPlugin
2026-01-25 10:51:33,641 [INFO] PluginManager:220 - loadIPPluginJar : add sai
2026-01-25 10:51:33,644 [INFO] IPUIPlugin:80 - create IPUIPlugin
2026-01-25 10:51:33,644 [INFO] PluginManager:220 - loadIPPluginJar : add spi
2026-01-25 10:51:33,648 [INFO] IPUIPlugin:80 - create IPUIPlugin
2026-01-25 10:51:33,648 [INFO] PluginManager:220 - loadIPPluginJar : add stm32_wpan
2026-01-25 10:51:33,650 [INFO] IPUIPlugin:80 - create IPUIPlugin
2026-01-25 10:51:33,650 [INFO] PluginManager:220 - loadIPPluginJar : add tim
2026-01-25 10:51:33,653 [INFO] IPUIPlugin:80 - create IPUIPlugin
2026-01-25 10:51:33,653 [INFO] PluginManager:220 - loadIPPluginJar : add touchsensing
2026-01-25 10:51:33,656 [INFO] IPUIPlugin:80 - create IPUIPlugin
2026-01-25 10:51:33,656 [INFO] PluginManager:220 - loadIPPluginJar : add tracer_emb
2026-01-25 10:51:33,657 [INFO] IPUIPlugin:80 - create IPUIPlugin
2026-01-25 10:51:33,657 [INFO] PluginManager:220 - loadIPPluginJar : add ts
2026-01-25 10:51:33,658 [INFO] IPUIPlugin:80 - create IPUIPlugin
2026-01-25 10:51:33,659 [INFO] PluginManager:220 - loadIPPluginJar : add tsc
2026-01-25 10:51:33,660 [INFO] IPUIPlugin:80 - create IPUIPlugin
2026-01-25 10:51:33,660 [INFO] PluginManager:220 - loadIPPluginJar : add ucpd
2026-01-25 10:51:33,662 [INFO] IPUIPlugin:80 - create IPUIPlugin
2026-01-25 10:51:33,662 [INFO] PluginManager:220 - loadIPPluginJar : add usart
2026-01-25 10:51:33,664 [INFO] IPUIPlugin:80 - create IPUIPlugin
2026-01-25 10:51:33,664 [INFO] PluginManager:220 - loadIPPluginJar : add usbx
2026-01-25 10:51:33,773 [FATAL] Updater:351 - Updater called before beeing initialized
2026-01-25 10:51:33,814 [INFO] RulesReader:64 - Compatibility file has been processed (302 Rules)
2026-01-25 10:51:33,825 [INFO] RulesReader:64 - Compatibility file has been processed (302 Rules)
2026-01-25 10:51:33,836 [INFO] CADModel:165 - CPN selected for project level
2026-01-25 10:51:33,836 [INFO] CADModel:114 - Register for checkConnection events
2026-01-25 10:51:33,836 [FATAL] Updater:351 - Updater called before beeing initialized
2026-01-25 10:51:33,836 [ERROR] CADModel:125 - Updater not yet initialized, retry later 
2026-01-25 10:51:33,992 [FATAL] Updater:351 - Updater called before beeing initialized
2026-01-25 10:51:33,994 [INFO] CADModel:165 - CPN selected for project level
2026-01-25 10:51:33,994 [INFO] CADModel:114 - Register for checkConnection events
2026-01-25 10:51:33,995 [FATAL] Updater:351 - Updater called before beeing initialized
2026-01-25 10:51:33,995 [ERROR] CADModel:125 - Updater not yet initialized, retry later 
2026-01-25 10:51:33,998 [FATAL] Updater:351 - Updater called before beeing initialized
2026-01-25 10:51:34,080 [FATAL] Updater:351 - Updater called before beeing initialized
2026-01-25 10:51:34,085 [INFO] DbMcusAds:53 - JSON generation date=Tue Dec 16 02:11:46 TRT 2025 (1765840306612)
2026-01-25 10:51:34,085 [FATAL] Updater:351 - Updater called before beeing initialized
2026-01-25 10:51:34,114 [WARN] DetailPanel:346 - Failed to get advertising image, set to default
2026-01-25 10:51:34,292 [FATAL] Updater:351 - Updater called before beeing initialized
2026-01-25 10:51:34,294 [FATAL] Updater:351 - Updater called before beeing initialized
2026-01-25 10:51:34,294 [FATAL] Updater:351 - Updater called before beeing initialized
2026-01-25 10:51:34,294 [WARN] DetailPanel:346 - Failed to get advertising image, set to default
2026-01-25 10:51:34,295 [FATAL] Updater:351 - Updater called before beeing initialized
2026-01-25 10:51:34,327 [ERROR] Updater:1198 - MainUpdater not yet initialized. External WinMGr cannot be set.
2026-01-25 10:51:34,328 [INFO] Updater:1134 - Updater Version found : 6.14.1
2026-01-25 10:51:34,341 [INFO] ApplicationProperties:184 - Using Application install path: C:\ST\STM32CubeIDE_1.18.1\STM32CubeIDE\plugins\com.st.stm32cube.common.mx_6.14.1.202504091515
2026-01-25 10:51:35,909 [ERROR] LogOutputStream:75 - [STDERR_REDIRECT] Jan 25, 2026 10:51:35 AM java.util.prefs.WindowsPreferences <init>
2026-01-25 10:51:35,910 [ERROR] LogOutputStream:75 - [STDERR_REDIRECT] WARNING: Could not open/create prefs root node Software\JavaSoft\Prefs at root 0xffffffff80000002. Windows RegCreateKeyEx(...) returned error code 5.
2026-01-25 10:51:35,910 [ERROR] LogOutputStream:75 - [STDERR_REDIRECT] 
2026-01-25 10:51:36,099 [INFO] ThirdPartyUpdaterWithRetryManager:70 - Updater plugin not ready yet. [2/15]
2026-01-25 10:51:36,349 [INFO] MainUpdater:2872 - connection check result : 10
2026-01-25 10:51:36,349 [INFO] MainUpdater:3566 - Updater definition file requires update
2026-01-25 10:51:36,351 [INFO] MainUpdater:289 - Updater Check For Update Now.
2026-01-25 10:51:36,351 [INFO] MicroXplorer:498 - Change Database Version : DB.6.0.141
2026-01-25 10:51:36,354 [INFO] McuFinderGlobals:63 - Set McuFinder mode to 2 (CubeIDE integrated)
2026-01-25 10:51:36,355 [INFO] UserAuth:484 - Internet connection configuration mode: 1
2026-01-25 10:51:36,370 [INFO] JxBrowserEngine:152 - Initiate JxBrowser Engine with user profile folder
2026-01-25 10:51:36,462 [INFO] ServerAccessManage:473 - Download File updaters.zip
2026-01-25 10:51:36,746 [INFO] FileExtend:242 - Unzip File : updaters.zip
2026-01-25 10:51:36,746 [INFO] FileExtend:257 - Standard Zip Deflate
2026-01-25 10:51:37,064 [INFO] ServerAccessManage:473 - Download File PacksControlFlags.xml
2026-01-25 10:51:37,343 [INFO] ServerAccessManage:473 - Download File cubemx.pidx
2026-01-25 10:51:37,803 [INFO] WebApp:169 - Instantiating new browser for Auth
2026-01-25 10:51:38,117 [INFO] ServerAccessManage:473 - Download File STMicroelectronics.X-CUBE-NFC6.pdsc
2026-01-25 10:51:38,517 [INFO] WebApp:463 - Apply proxy settings
2026-01-25 10:51:38,517 [INFO] WebApp:548 - Chromium requires no authentication
2026-01-25 10:51:38,524 [INFO] WebApp:491 - Direct internet connection detected
2026-01-25 10:51:38,542 [INFO] WebApp:894 - Register for checkConnection events
2026-01-25 10:51:38,543 [INFO] WebApp:463 - Apply proxy settings
2026-01-25 10:51:38,543 [INFO] WebApp:548 - Chromium requires no authentication
2026-01-25 10:51:38,543 [INFO] WebApp:491 - Direct internet connection detected
2026-01-25 10:51:38,774 [INFO] WebApp:225 - Starting web application
2026-01-25 10:51:38,774 [INFO] WebApp:593 - Web application path used C:\ST\STM32CubeIDE_1.18.1\STM32CubeIDE\plugins\com.st.stm32cube.common.mx_6.14.1.202504091515\db\plugins\mcufinder\reactClient1\index.html
2026-01-25 10:51:38,884 [INFO] WebApp:191 - Connection restablished
2026-01-25 10:51:38,895 [INFO] ServerAccessManage:473 - Download File STMicroelectronics.X-CUBE-ST67W61.pdsc
2026-01-25 10:51:38,914 [INFO] UserAuth:484 - Internet connection configuration mode: 1
2026-01-25 10:51:39,100 [WARN] MainUpdater:1193 - Updater busy. Cannot search thirdparties
2026-01-25 10:51:39,100 [INFO] ThirdPartyUpdaterWithRetryManager:96 - Updater plugin is busy. [1/15]
2026-01-25 10:51:39,246 [INFO] ServerAccessManage:473 - Download File STMicroelectronics.X-CUBE-STSE01.pdsc
2026-01-25 10:51:39,918 [WARN] PackLoader:240 - Cannot read IP mode file for STMicroelectronics.X-CUBE-NFC6.3.2.0
2026-01-25 10:51:39,926 [WARN] PopulateThirdPartyThread:106 - Error when creating pack: C:/Users/Onur Fidan/.stm32cubemx/thirdparties/pdsc/STMicroelectronics.X-CUBE-ST67W61.pdsc
2026-01-25 10:51:39,935 [WARN] PackLoader:240 - Cannot read IP mode file for STMicroelectronics.X-CUBE-STSE01.2.0.0
2026-01-25 10:51:39,938 [INFO] PopulateThirdPartyThread:66 - Ending populate Thread
2026-01-25 10:51:39,939 [INFO] ThirdParty:1030 - CMSIS Pack Vendor :STMicroelectronics X-CUBE-STSE01 2.0.0
2026-01-25 10:51:39,939 [INFO] ThirdParty:1030 - CMSIS Pack Vendor :STMicroelectronics X-CUBE-NFC6 3.2.0
2026-01-25 10:51:39,939 [INFO] LoadServerUpdatesThread:375 - End of LoadServerUpdate Thread
2026-01-25 10:51:40,015 [INFO] CheckServerUpdateThread:120 - End of CheckServer Thread
2026-01-25 10:51:42,276 [WARN] PackLoader:240 - Cannot read IP mode file for STMicroelectronics.FP-SNS-MOTENVWB1.1.4.0
2026-01-25 10:51:42,282 [WARN] PackLoader:240 - Cannot read IP mode file for STMicroelectronics.FP-ATR-ASTRA1.2.0.2
2026-01-25 10:51:42,289 [WARN] PackLoader:240 - Cannot read IP mode file for STMicroelectronics.X-CUBE-SMBUS.2.1.0
2026-01-25 10:51:42,306 [WARN] PackLoader:240 - Cannot read IP mode file for STMicroelectronics.X-CUBE-AZRTOS-F7.1.1.0
2026-01-25 10:51:42,313 [ERROR] Engine:466 - C:\Users\Onur Fidan\.stm32cubemx\thirdparties\pdsc\STMicroelectronics.FP-SNS-MOTENV1.5.1.0.pdsc: PDSC version is not supported
2026-01-25 10:51:42,316 [ERROR] Engine:466 - C:\Users\Onur Fidan\.stm32cubemx\thirdparties\pdsc\WES.I-CUBE-Cesium.1.4.0.pdsc: PDSC version is not supported
2026-01-25 10:51:42,331 [WARN] PackLoader:240 - Cannot read IP mode file for STMicroelectronics.X-CUBE-AZRTOS-H7.3.4.0
2026-01-25 10:51:42,343 [WARN] PackLoader:240 - Cannot read IP mode file for STMicroelectronics.X-CUBE-DISPLAY.3.0.0
2026-01-25 10:51:42,351 [WARN] PackLoader:240 - Cannot read IP mode file for STMicroelectronics.X-CUBE-NFC10.1.0.0
2026-01-25 10:51:42,358 [WARN] PackLoader:240 - Cannot read IP mode file for STMicroelectronics.X-CUBE-ST60.1.1.0
2026-01-25 10:51:42,363 [WARN] PackLoader:240 - Cannot read IP mode file for emotas.I-CUBE-CANOPEN.1.3.0
2026-01-25 10:51:42,368 [WARN] PackLoader:240 - Cannot read IP mode file for STMicroelectronics.X-CUBE-GNSS1.7.1.0
2026-01-25 10:51:42,371 [ERROR] Engine:466 - C:\Users\Onur Fidan\.stm32cubemx\thirdparties\pdsc\STMicroelectronics.FP-SNS-STBOX1.2.1.0.pdsc: PDSC version is not supported
2026-01-25 10:51:42,376 [WARN] PackLoader:240 - Cannot read IP mode file for STMicroelectronics.FP-SNS-SMARTAG2.1.2.0
2026-01-25 10:51:42,379 [WARN] PackLoader:240 - Cannot read IP mode file for STMicroelectronics.FP-SNS-FLIGHT1.5.1.0
2026-01-25 10:51:42,385 [INFO] LogOutputStream:77 - [STDOUT_REDIRECT] 1 : Invalid condition id : UX_CORESTACK_Condition cause : null
2026-01-25 10:51:42,385 [INFO] LogOutputStream:77 - [STDOUT_REDIRECT] 1 : Invalid condition id : UX_CORESTACK_Condition cause : null
2026-01-25 10:51:42,387 [INFO] LogOutputStream:77 - [STDOUT_REDIRECT] 1 : Invalid condition id : UX_CORESTACK_Condition cause : null
2026-01-25 10:51:42,387 [INFO] LogOutputStream:77 - [STDOUT_REDIRECT] 1 : Invalid condition id : UX_CORESTACK_Condition cause : null
2026-01-25 10:51:42,388 [INFO] LogOutputStream:77 - [STDOUT_REDIRECT] 1 : Invalid condition id : UX_CORESTACK_Condition cause : null
2026-01-25 10:51:42,390 [WARN] PackLoader:240 - Cannot read IP mode file for STMicroelectronics.X-CUBE-AZRTOS-WL.2.0.0
2026-01-25 10:51:42,403 [WARN] PackLoader:240 - Cannot read IP mode file for STMicroelectronics.X-CUBE-AZRTOS-H7RS.1.2.0
2026-01-25 10:51:42,409 [WARN] PackLoader:240 - Cannot read IP mode file for STMicroelectronics.X-CUBE-BLE2.3.3.0
2026-01-25 10:51:42,434 [WARN] PackLoader:240 - Cannot read IP mode file for Infineon.AIROC-Wi-Fi-Bluetooth-STM32.1.8.0
2026-01-25 10:51:42,445 [WARN] PackLoader:240 - Cannot read IP mode file for STMicroelectronics.X-CUBE-NFC9.1.0.0
2026-01-25 10:51:42,449 [WARN] PackLoader:240 - Cannot read IP mode file for STMicroelectronics.X-CUBE-BLE1.7.1.0
2026-01-25 10:51:42,454 [WARN] PackLoader:240 - Cannot read IP mode file for wolfSSL.I-CUBE-wolfMQTT.1.19.2
2026-01-25 10:51:42,456 [ERROR] Engine:466 - C:\Users\Onur Fidan\.stm32cubemx\thirdparties\pdsc\STMicroelectronics.X-CUBE-FREERTOS.1.4.0.pdsc: PDSC version is not supported
2026-01-25 10:51:42,461 [WARN] PackLoader:240 - Cannot read IP mode file for STMicroelectronics.X-CUBE-EEPRMA1.5.2.0
2026-01-25 10:51:42,466 [WARN] PackLoader:240 - Cannot read IP mode file for wolfSSL.I-CUBE-wolfSSL.5.8.4
2026-01-25 10:51:42,470 [WARN] PackLoader:240 - Cannot read IP mode file for Cesanta.I-CUBE-Mongoose.7.20.0
2026-01-25 10:51:42,473 [ERROR] Engine:466 - C:\Users\Onur Fidan\.stm32cubemx\thirdparties\pdsc\STMicroelectronics.X-CUBE-ST67W61.1.1.0.pdsc: PDSC version is not supported
2026-01-25 10:51:42,502 [WARN] PackLoader:240 - Cannot read IP mode file for STMicroelectronics.X-CUBE-MEMS1.12.0.0
2026-01-25 10:51:42,550 [WARN] PackLoader:240 - Cannot read IP mode file for STMicroelectronics.X-CUBE-AZRTOS-G0.1.1.0
2026-01-25 10:51:42,555 [WARN] PackLoader:240 - Cannot read IP mode file for STMicroelectronics.X-CUBE-NFC4.3.0.0
2026-01-25 10:51:42,569 [WARN] PackLoader:240 - Cannot read IP mode file for EmbeddedOffice.I-CUBE-FS-RTOS.1.0.1
2026-01-25 10:51:42,574 [WARN] PackLoader:240 - Cannot read IP mode file for STMicroelectronics.X-CUBE-WB05N.2.0.0
2026-01-25 10:51:42,578 [WARN] PackLoader:240 - Cannot read IP mode file for wolfSSL.I-CUBE-wolfTPM.3.8.0
2026-01-25 10:51:42,582 [WARN] PackLoader:240 - Cannot read IP mode file for STMicroelectronics.X-CUBE-TCPP.4.2.0
2026-01-25 10:51:42,587 [WARN] PackLoader:240 - Cannot read IP mode file for RealThread.X-CUBE-RT-Thread_Nano.4.1.1
2026-01-25 10:51:42,591 [WARN] PackLoader:240 - Cannot read IP mode file for STMicroelectronics.FP-ATR-SIGFOX1.3.2.0
2026-01-25 10:51:42,595 [WARN] PackLoader:240 - Cannot read IP mode file for ITTIA_DB.I-CUBE-ITTIADB.8.9.0
2026-01-25 10:51:42,599 [WARN] PackLoader:240 - Cannot read IP mode file for STMicroelectronics.X-CUBE-NFC6.3.2.0
2026-01-25 10:51:42,623 [WARN] PackLoader:240 - Cannot read IP mode file for STMicroelectronics.X-CUBE-AI.10.2.0
2026-01-25 10:51:42,640 [WARN] PackLoader:240 - Cannot read IP mode file for SEGGER.I-CUBE-embOS.1.3.1
2026-01-25 10:51:42,655 [WARN] PackLoader:240 - Cannot read IP mode file for STMicroelectronics.X-CUBE-ALGOBUILD.1.4.0
2026-01-25 10:51:42,659 [WARN] PackLoader:240 - Cannot read IP mode file for STMicroelectronics.X-CUBE-PM33A1.1.0.0
2026-01-25 10:51:42,667 [WARN] PackLoader:240 - Cannot read IP mode file for STMicroelectronics.X-CUBE-AZRTOS-F4.1.1.0
2026-01-25 10:51:42,672 [WARN] PackLoader:240 - Cannot read IP mode file for STMicroelectronics.X-CUBE-ISPU.2.1.0
2026-01-25 10:51:42,675 [ERROR] Engine:466 - C:\Users\Onur Fidan\.stm32cubemx\thirdparties\pdsc\STMicroelectronics.X-CUBE-IPS.3.2.0.pdsc: PDSC version is not supported
2026-01-25 10:51:42,679 [WARN] PackLoader:240 - Cannot read IP mode file for STMicroelectronics.X-CUBE-NFC12.1.0.0
2026-01-25 10:51:42,688 [WARN] PackLoader:240 - Cannot read IP mode file for STMicroelectronics.X-CUBE-AZRTOS-L5.2.0.0
2026-01-25 10:51:42,692 [WARN] PackLoader:240 - Cannot read IP mode file for STMicroelectronics.X-CUBE-NFC6.3.1.0
2026-01-25 10:51:42,696 [WARN] PackLoader:240 - Cannot read IP mode file for STMicroelectronics.X-CUBE-TOUCHGFX.4.26.0
2026-01-25 10:51:42,700 [WARN] PackLoader:240 - Cannot read IP mode file for STMicroelectronics.FP-SNS-STAIOTCFT.1.0.0
2026-01-25 10:51:42,703 [WARN] PackLoader:240 - Cannot read IP mode file for STMicroelectronics.X-CUBE-DPower.1.3.0
2026-01-25 10:51:42,712 [WARN] ConditionMgr:438 - getConditionDescription Invalid condition id : LAN8742 Phy interface Condition cause : null
2026-01-25 10:51:42,712 [WARN] PackLoader:240 - Cannot read IP mode file for STMicroelectronics.X-CUBE-AZRTOS-L4.2.0.0
2026-01-25 10:51:42,712 [WARN] ConditionMgr:1044 - genDependencies : Invalid condition id : LAN8742 Phy interface Condition cause : null
2026-01-25 10:51:42,712 [WARN] ConditionMgr:1044 - genDependencies : Invalid condition id : LAN8742 Phy interface Condition cause : null
2026-01-25 10:51:42,712 [WARN] ConditionMgr:1044 - genDependencies : Invalid condition id : LAN8742 Phy interface Condition cause : null
2026-01-25 10:51:42,717 [WARN] PackLoader:240 - Cannot read IP mode file for STMicroelectronics.X-CUBE-SFXS2LP1.4.0.0
2026-01-25 10:51:42,719 [ERROR] Engine:466 - C:\Users\Onur Fidan\.stm32cubemx\thirdparties\pdsc\STMicroelectronics.X-CUBE-ST67W61.1.2.0.pdsc: PDSC version is not supported
2026-01-25 10:51:42,725 [WARN] PackLoader:240 - Cannot read IP mode file for STMicroelectronics.X-CUBE-BLEMGR.4.1.0
2026-01-25 10:51:42,731 [WARN] ConditionMgr:438 - getConditionDescription Invalid condition id : UX DEVICE CLASS RTOS Condition cause : null
2026-01-25 10:51:42,732 [WARN] ConditionMgr:438 - getConditionDescription Invalid condition id : UX DEVICE CLASS RTOS Condition cause : null
2026-01-25 10:51:42,732 [WARN] PackLoader:240 - Cannot read IP mode file for STMicroelectronics.X-CUBE-AZRTOS-WB.2.0.0
2026-01-25 10:51:42,732 [WARN] ConditionMgr:1044 - genDependencies : Invalid condition id : UX DEVICE CLASS RTOS Condition cause : null
2026-01-25 10:51:42,733 [WARN] ConditionMgr:1044 - genDependencies : Invalid condition id : UX DEVICE CLASS RTOS Condition cause : null
2026-01-25 10:51:42,733 [WARN] ConditionMgr:1044 - genDependencies : Invalid condition id : UX DEVICE CLASS RTOS Condition cause : null
2026-01-25 10:51:42,733 [WARN] ConditionMgr:1044 - genDependencies : Invalid condition id : UX DEVICE CLASS RTOS Condition cause : null
2026-01-25 10:51:42,733 [WARN] ConditionMgr:1044 - genDependencies : Invalid condition id : UX DEVICE CLASS RTOS Condition cause : null
2026-01-25 10:51:42,737 [WARN] ConditionMgr:438 - getConditionDescription Invalid condition id : Cortex-A Device cause : null
2026-01-25 10:51:42,743 [WARN] ConditionMgr:1044 - genDependencies : Invalid condition id : Cortex-A Device cause : null
2026-01-25 10:51:42,743 [WARN] ConditionMgr:1044 - genDependencies : Invalid condition id : Cortex-A Device cause : null
2026-01-25 10:51:42,743 [WARN] ConditionMgr:1044 - genDependencies : Invalid condition id : Cortex-A Device cause : null
2026-01-25 10:51:42,746 [WARN] PackLoader:240 - Cannot read IP mode file for STMicroelectronics.X-CUBE-STSE01.2.0.0
2026-01-25 10:51:42,754 [WARN] PackLoader:240 - Cannot read IP mode file for STMicroelectronics.X-CUBE-SUBG2.5.0.0
2026-01-25 10:51:42,766 [WARN] PackLoader:240 - Cannot read IP mode file for STMicroelectronics.X-CUBE-AZRTOS-G4.2.0.0
2026-01-25 10:51:42,771 [WARN] PackLoader:240 - Cannot read IP mode file for wolfSSL.I-CUBE-wolfSSH.1.4.20
2026-01-25 10:51:42,775 [WARN] PackLoader:240 - Cannot read IP mode file for STMicroelectronics.X-CUBE-NFC7.2.0.0
2026-01-25 10:51:42,778 [WARN] PackLoader:240 - Cannot read IP mode file for STMicroelectronics.X-CUBE-ALS.1.0.2
2026-01-25 10:51:42,782 [WARN] PackLoader:240 - Cannot read IP mode file for STMicroelectronics.X-CUBE-STSE01.1.0.0
2026-01-25 10:51:42,790 [WARN] PackLoader:240 - Cannot read IP mode file for STMicroelectronics.X-CUBE-TOF1.3.4.3
2026-01-25 10:51:42,797 [INFO] ThirdParty:978 - Integrity check success = true
2026-01-25 10:51:42,797 [INFO] IntegrityCheckThread:100 - exiting critical section [integrity check]
2026-01-25 10:51:42,798 [INFO] IntegrityCheckThread:103 - End integrity checks thread
2026-01-25 11:13:40,257 [INFO] WebApp:194 - Connection lost
2026-01-25 11:13:40,490 [INFO] WebApp:191 - Connection restablished
2026-01-25 15:22:30,288 [INFO] WebApp:194 - Connection lost
2026-01-25 15:22:30,592 [INFO] WebApp:191 - Connection restablished
2026-01-25 19:07:18,583 [ERROR] LogOutputStream:75 - [STDERR_REDIRECT] 
