2026-02-11 16:36:08,584 [INFO] Activator:176 - 


2026-02-11 16:36:08,591 [INFO] Activator:177 - !SESSION log4j initialized
2026-02-11 16:36:13,198 [INFO] LogOutputStream:77 - [STDOUT_REDIRECT] 
2026-02-11 16:36:14,997 [INFO] ApplicationProperties:184 - Using Application install path: C:\ST\STM32CubeIDE_1.18.1\STM32CubeIDE\plugins\com.st.stm32cube.common.mx_6.14.1.202504091515
2026-02-11 16:36:15,021 [INFO] DbMcusXml:78 - Set database path to: C:\ST\STM32CubeIDE_1.18.1\STM32CubeIDE\plugins\com.st.stm32cube.common.mx_6.14.1.202504091515\\db\/mcu/
2026-02-11 16:36:15,021 [INFO] ApiDb:274 - Set plugin database path to: C:\ST\STM32CubeIDE_1.18.1\STM32CubeIDE\plugins\com.st.stm32cube.common.mx_6.14.1.202504091515\\db\/plugins/boardmanager/
2026-02-11 16:36:15,022 [WARN] ApiDb:259 - Overriding images path with different value:  => C:\ST\STM32CubeIDE_1.18.1\STM32CubeIDE\plugins\com.st.stm32cube.common.mx_6.14.1.202504091515\\db\/plugins/mcufinder/images/
2026-02-11 16:36:15,030 [INFO] ApiDb:250 - Set database path to: C:\Users\Onur Fidan\.stmcufinder\plugins\mcufinder//mcu/
2026-02-11 16:36:15,031 [INFO] DbMcusAds:125 - Set database path to: C:\Users\Onur Fidan\.stmcufinder\plugins\mcufinder//mcu/
2026-02-11 16:36:15,033 [INFO] CrossReferenceDbSqlite:203 - Set database path to: C:\Users\Onur Fidan\.stmcufinder\plugins\mcufinder//mcu/cs/
2026-02-11 16:36:15,136 [INFO] RulesReader:64 - Compatibility file has been processed (302 Rules)
2026-02-11 16:36:15,216 [INFO] DbMcusXml:78 - Set database path to: C:\ST\STM32CubeIDE_1.18.1\STM32CubeIDE\plugins\com.st.stm32cube.common.mx_6.14.1.202504091515\\db\/mcu/
2026-02-11 16:36:15,216 [INFO] ApiDb:274 - Set plugin database path to: C:\ST\STM32CubeIDE_1.18.1\STM32CubeIDE\plugins\com.st.stm32cube.common.mx_6.14.1.202504091515\\db\/plugins/boardmanager/
2026-02-11 16:36:15,217 [INFO] ApiDb:261 - Set plugin images path to: C:\ST\STM32CubeIDE_1.18.1\STM32CubeIDE\plugins\com.st.stm32cube.common.mx_6.14.1.202504091515\\db\/plugins/mcufinder/images/
2026-02-11 16:36:15,217 [WARN] DbFile:41 - Overriding database path with different value: C:\Users\Onur Fidan\.stmcufinder\plugins\mcufinder/ => C:\Users\Onur Fidan\.stmcufinder\plugins\mcufinder
2026-02-11 16:36:15,217 [INFO] ApiDb:250 - Set database path to: C:\Users\Onur Fidan\.stmcufinder\plugins\mcufinder//mcu/
2026-02-11 16:36:15,217 [WARN] DbFile:41 - Overriding database path with different value: C:\Users\Onur Fidan\.stmcufinder\plugins\mcufinder/ => C:\Users\Onur Fidan\.stmcufinder\plugins\mcufinder
2026-02-11 16:36:15,217 [INFO] DbMcusAds:125 - Set database path to: C:\Users\Onur Fidan\.stmcufinder\plugins\mcufinder//mcu/
2026-02-11 16:36:15,217 [WARN] DbFile:41 - Overriding database path with different value: C:\Users\Onur Fidan\.stmcufinder\plugins\mcufinder/ => C:\Users\Onur Fidan\.stmcufinder\plugins\mcufinder
2026-02-11 16:36:15,217 [WARN] DbFile:41 - Overriding database path with different value: C:\Users\Onur Fidan\.stmcufinder\plugins\mcufinder/ => C:\Users\Onur Fidan\.stmcufinder\plugins\mcufinder
2026-02-11 16:36:15,217 [INFO] CrossReferenceDbSqlite:203 - Set database path to: C:\Users\Onur Fidan\.stmcufinder\plugins\mcufinder//mcu/cs/
2026-02-11 16:36:15,293 [INFO] MainPanel:272 - HeapMemory: 268435456
2026-02-11 16:36:15,409 [INFO] DbMcusXml:78 - Set database path to: C:\ST\STM32CubeIDE_1.18.1\STM32CubeIDE\plugins\com.st.stm32cube.common.mx_6.14.1.202504091515\\db\/mcu/
2026-02-11 16:36:15,409 [INFO] ApiDb:274 - Set plugin database path to: C:\ST\STM32CubeIDE_1.18.1\STM32CubeIDE\plugins\com.st.stm32cube.common.mx_6.14.1.202504091515\\db\/plugins/boardmanager/
2026-02-11 16:36:15,409 [INFO] ApiDb:261 - Set plugin images path to: C:\ST\STM32CubeIDE_1.18.1\STM32CubeIDE\plugins\com.st.stm32cube.common.mx_6.14.1.202504091515\\db\/plugins/mcufinder/images/
2026-02-11 16:36:15,409 [WARN] DbFile:41 - Overriding database path with different value: C:\Users\Onur Fidan\.stmcufinder\plugins\mcufinder/ => C:\Users\Onur Fidan\.stmcufinder\plugins\mcufinder
2026-02-11 16:36:15,409 [INFO] ApiDb:250 - Set database path to: C:\Users\Onur Fidan\.stmcufinder\plugins\mcufinder//mcu/
2026-02-11 16:36:15,410 [WARN] DbFile:41 - Overriding database path with different value: C:\Users\Onur Fidan\.stmcufinder\plugins\mcufinder/ => C:\Users\Onur Fidan\.stmcufinder\plugins\mcufinder
2026-02-11 16:36:15,410 [INFO] DbMcusAds:125 - Set database path to: C:\Users\Onur Fidan\.stmcufinder\plugins\mcufinder//mcu/
2026-02-11 16:36:15,410 [WARN] DbFile:41 - Overriding database path with different value: C:\Users\Onur Fidan\.stmcufinder\plugins\mcufinder/ => C:\Users\Onur Fidan\.stmcufinder\plugins\mcufinder
2026-02-11 16:36:15,410 [WARN] DbFile:41 - Overriding database path with different value: C:\Users\Onur Fidan\.stmcufinder\plugins\mcufinder/ => C:\Users\Onur Fidan\.stmcufinder\plugins\mcufinder
2026-02-11 16:36:15,410 [INFO] CrossReferenceDbSqlite:203 - Set database path to: C:\Users\Onur Fidan\.stmcufinder\plugins\mcufinder//mcu/cs/
2026-02-11 16:36:15,428 [INFO] ApplicationProperties:184 - Using Application install path: C:\ST\STM32CubeIDE_1.18.1\STM32CubeIDE\plugins\com.st.stm32cube.common.mx_6.14.1.202504091515
2026-02-11 16:36:15,430 [INFO] PluginManage:196 - Search for loadable plugins [exclusion list=, ]
2026-02-11 16:36:15,432 [INFO] PluginManage:310 - Check plugin analytics
2026-02-11 16:36:15,614 [INFO] AnalyticsPlugin:253 - Accepted Software Licenses: STM32CubeMX.6.16.0
2026-02-11 16:36:15,614 [INFO] AnalyticsPlugin:255 - Accepted CMSIS Pack Licenses: 
2026-02-11 16:36:15,614 [INFO] AnalyticsPlugin:257 - Accepted Firmware Licenses: FW.F4.1.28.0
2026-02-11 16:36:15,617 [INFO] PluginManage:359 - Loaded plugin analytics (category:tool,tabindex:-1)
2026-02-11 16:36:15,617 [INFO] PluginManage:310 - Check plugin cadmodel
2026-02-11 16:36:15,625 [INFO] CADModel:105 - Init CAD model plugin
2026-02-11 16:36:15,626 [INFO] PluginManage:359 - Loaded plugin cadmodel (category:power,tabindex:5)
2026-02-11 16:36:15,626 [INFO] PluginManage:310 - Check plugin clock
2026-02-11 16:36:15,634 [INFO] PluginManage:359 - Loaded plugin clock (category:base,tabindex:2)
2026-02-11 16:36:15,634 [INFO] PluginManage:310 - Check plugin ddr
2026-02-11 16:36:15,636 [INFO] PluginManage:359 - Loaded plugin ddr (category:tool,tabindex:6)
2026-02-11 16:36:15,637 [INFO] PluginManage:310 - Check plugin filemanager
2026-02-11 16:36:15,768 [INFO] PluginManage:359 - Loaded plugin filemanager (category:base,tabindex:10)
2026-02-11 16:36:15,768 [INFO] PluginManage:310 - Check plugin ipmanager
2026-02-11 16:36:15,775 [INFO] PluginManage:359 - Loaded plugin ipmanager (category:base,tabindex:5)
2026-02-11 16:36:15,775 [INFO] PluginManage:310 - Check plugin lpbam
2026-02-11 16:36:15,784 [INFO] PluginManage:359 - Loaded plugin lpbam (category:base,tabindex:0)
2026-02-11 16:36:15,786 [INFO] PluginManage:310 - Check plugin memorymap
2026-02-11 16:36:15,798 [INFO] PluginManage:359 - Loaded plugin memorymap (category:base,tabindex:4)
2026-02-11 16:36:15,798 [INFO] PluginManage:310 - Check plugin pinoutandconfiguration
2026-02-11 16:36:15,809 [INFO] PluginManage:359 - Loaded plugin pinoutandconfiguration (category:base,tabindex:1)
2026-02-11 16:36:15,809 [INFO] PluginManage:310 - Check plugin pinoutconfig
2026-02-11 16:36:15,903 [WARN] SupportedApi:132 - Cannot load RTOS API schema: s4s-elt-must-match.1: The content of 'definitions' must match (annotation?, (simpleType | complexType)?, (unique | key | keyref)*)). A problem was found starting at: attribute.
2026-02-11 16:36:16,057 [INFO] PluginManage:359 - Loaded plugin pinoutconfig (category:base,tabindex:0)
2026-02-11 16:36:16,057 [INFO] PluginManage:310 - Check plugin power
2026-02-11 16:36:16,065 [INFO] PluginManage:359 - Loaded plugin power (category:power,tabindex:4)
2026-02-11 16:36:16,065 [INFO] PluginManage:310 - Check plugin projectmanager
2026-02-11 16:36:16,083 [INFO] PluginManage:359 - Loaded plugin projectmanager (category:projectmanager,tabindex:4)
2026-02-11 16:36:16,083 [INFO] PluginManage:310 - Check plugin rif
2026-02-11 16:36:16,092 [INFO] PluginManage:359 - Loaded plugin rif (category:base,tabindex:3)
2026-02-11 16:36:16,092 [INFO] PluginManage:310 - Check plugin thirdparty
2026-02-11 16:36:16,221 [INFO] PluginManage:359 - Loaded plugin thirdparty (category:base,tabindex:-1)
2026-02-11 16:36:16,221 [INFO] PluginManage:310 - Check plugin tools
2026-02-11 16:36:16,221 [WARN] IntegrityCheckThread:84 - waiting for thirdparty lock release [integrity check]
2026-02-11 16:36:16,221 [INFO] IntegrityCheckThread:86 - entering critical section [integrity check]
2026-02-11 16:36:16,221 [INFO] ThirdPartyUpdaterWithRetryManager:70 - Updater plugin not ready yet. [1/15]
2026-02-11 16:36:16,225 [INFO] PluginManage:359 - Loaded plugin tools (category:base,tabindex:7)
2026-02-11 16:36:16,225 [INFO] PluginManage:310 - Check plugin tutovideos
2026-02-11 16:36:16,394 [INFO] PluginManage:359 - Loaded plugin tutovideos (category:base,tabindex:-1)
2026-02-11 16:36:16,394 [INFO] PluginManage:310 - Check plugin updater
2026-02-11 16:36:16,419 [INFO] PluginManage:359 - Loaded plugin updater (category:base,tabindex:12)
2026-02-11 16:36:16,419 [INFO] PluginManage:310 - Check plugin userauth
2026-02-11 16:36:16,425 [INFO] UserAuth:118 - Init User Auth plugin
2026-02-11 16:36:16,426 [INFO] PluginManage:359 - Loaded plugin userauth (category:base,tabindex:14)
2026-02-11 16:36:16,426 [INFO] PluginManage:283 - PluginManage : Loaded plugins [18]
2026-02-11 16:36:16,669 [INFO] PinOutPanel:1589 - setPackage(No Configuration,No Configuration)
2026-02-11 16:36:16,756 [INFO] CADModel:165 - CPN selected for project level
2026-02-11 16:36:16,756 [INFO] CADModel:114 - Register for checkConnection events
2026-02-11 16:36:16,774 [INFO] IPUIPlugin:80 - create IPUIPlugin
2026-02-11 16:36:16,774 [INFO] PluginManager:220 - loadIPPluginJar : add adc
2026-02-11 16:36:16,777 [INFO] IPUIPlugin:80 - create IPUIPlugin
2026-02-11 16:36:16,777 [INFO] PluginManager:220 - loadIPPluginJar : add aes
2026-02-11 16:36:16,780 [INFO] IPUIPlugin:80 - create IPUIPlugin
2026-02-11 16:36:16,780 [INFO] PluginManager:220 - loadIPPluginJar : add can
2026-02-11 16:36:16,781 [INFO] IPUIPlugin:80 - create IPUIPlugin
2026-02-11 16:36:16,781 [INFO] PluginManager:220 - loadIPPluginJar : add comp
2026-02-11 16:36:16,783 [INFO] IPUIPlugin:80 - create IPUIPlugin
2026-02-11 16:36:16,783 [INFO] PluginManager:220 - loadIPPluginJar : add cryp
2026-02-11 16:36:16,786 [INFO] IPUIPlugin:80 - create IPUIPlugin
2026-02-11 16:36:16,786 [INFO] PluginManager:220 - loadIPPluginJar : add ddr_ctrl_phy
2026-02-11 16:36:16,790 [INFO] IPUIPlugin:80 - create IPUIPlugin
2026-02-11 16:36:16,791 [INFO] PluginManager:220 - loadIPPluginJar : add dfsdm
2026-02-11 16:36:16,796 [INFO] IPUIPlugin:80 - create IPUIPlugin
2026-02-11 16:36:16,797 [INFO] PluginManager:220 - loadIPPluginJar : add dma
2026-02-11 16:36:16,800 [INFO] IPUIPlugin:80 - create IPUIPlugin
2026-02-11 16:36:16,800 [INFO] PluginManager:220 - loadIPPluginJar : add dma3
2026-02-11 16:36:16,803 [INFO] IPUIPlugin:80 - create IPUIPlugin
2026-02-11 16:36:16,803 [INFO] PluginManager:220 - loadIPPluginJar : add extmemmanager
2026-02-11 16:36:16,805 [INFO] IPUIPlugin:80 - create IPUIPlugin
2026-02-11 16:36:16,805 [INFO] PluginManager:220 - loadIPPluginJar : add fatfs
2026-02-11 16:36:16,809 [INFO] IPUIPlugin:80 - create IPUIPlugin
2026-02-11 16:36:16,809 [INFO] PluginManager:220 - loadIPPluginJar : add fmc
2026-02-11 16:36:16,817 [INFO] IPUIPlugin:80 - create IPUIPlugin
2026-02-11 16:36:16,817 [INFO] PluginManager:220 - loadIPPluginJar : add freertos
2026-02-11 16:36:16,818 [INFO] IPUIPlugin:80 - create IPUIPlugin
2026-02-11 16:36:16,819 [INFO] PluginManager:220 - loadIPPluginJar : add genericplugin
2026-02-11 16:36:16,820 [INFO] IPUIPlugin:80 - create IPUIPlugin
2026-02-11 16:36:16,820 [INFO] PluginManager:220 - loadIPPluginJar : add gfxmmu
2026-02-11 16:36:16,824 [INFO] IPUIPlugin:80 - create IPUIPlugin
2026-02-11 16:36:16,824 [INFO] PluginManager:220 - loadIPPluginJar : add gic
2026-02-11 16:36:16,826 [INFO] IPUIPlugin:80 - create IPUIPlugin
2026-02-11 16:36:16,827 [INFO] PluginManager:220 - loadIPPluginJar : add gpio
2026-02-11 16:36:16,829 [INFO] IPUIPlugin:80 - create IPUIPlugin
2026-02-11 16:36:16,829 [INFO] PluginManager:220 - loadIPPluginJar : add gtzc
2026-02-11 16:36:16,832 [INFO] IPUIPlugin:80 - create IPUIPlugin
2026-02-11 16:36:16,832 [INFO] PluginManager:220 - loadIPPluginJar : add hash
2026-02-11 16:36:16,834 [INFO] IPUIPlugin:80 - create IPUIPlugin
2026-02-11 16:36:16,834 [INFO] PluginManager:220 - loadIPPluginJar : add i2c
2026-02-11 16:36:16,837 [INFO] IPUIPlugin:80 - create IPUIPlugin
2026-02-11 16:36:16,837 [INFO] PluginManager:220 - loadIPPluginJar : add i2s
2026-02-11 16:36:16,841 [INFO] IPUIPlugin:80 - create IPUIPlugin
2026-02-11 16:36:16,841 [INFO] PluginManager:220 - loadIPPluginJar : add i3c
2026-02-11 16:36:16,844 [INFO] IPUIPlugin:80 - create IPUIPlugin
2026-02-11 16:36:16,844 [INFO] PluginManager:220 - loadIPPluginJar : add ipddr
2026-02-11 16:36:16,851 [INFO] IPUIPlugin:80 - create IPUIPlugin
2026-02-11 16:36:16,852 [INFO] PluginManager:220 - loadIPPluginJar : add linkedlist
2026-02-11 16:36:16,855 [INFO] IPUIPlugin:80 - create IPUIPlugin
2026-02-11 16:36:16,855 [INFO] PluginManager:220 - loadIPPluginJar : add lorawan
2026-02-11 16:36:16,857 [INFO] IPUIPlugin:80 - create IPUIPlugin
2026-02-11 16:36:16,857 [INFO] PluginManager:220 - loadIPPluginJar : add ltdc
2026-02-11 16:36:16,863 [INFO] IPUIPlugin:80 - create IPUIPlugin
2026-02-11 16:36:16,863 [INFO] PluginManager:220 - loadIPPluginJar : add mdma
2026-02-11 16:36:16,867 [INFO] IPUIPlugin:80 - create IPUIPlugin
2026-02-11 16:36:16,867 [INFO] PluginManager:220 - loadIPPluginJar : add nvic
2026-02-11 16:36:16,870 [INFO] IPUIPlugin:80 - create IPUIPlugin
2026-02-11 16:36:16,870 [INFO] PluginManager:220 - loadIPPluginJar : add opamp
2026-02-11 16:36:16,873 [INFO] IPUIPlugin:80 - create IPUIPlugin
2026-02-11 16:36:16,873 [INFO] PluginManager:220 - loadIPPluginJar : add openamp
2026-02-11 16:36:16,875 [INFO] IPUIPlugin:80 - create IPUIPlugin
2026-02-11 16:36:16,875 [INFO] PluginManager:220 - loadIPPluginJar : add pdm2pcm
2026-02-11 16:36:16,880 [INFO] IPUIPlugin:80 - create IPUIPlugin
2026-02-11 16:36:16,882 [INFO] PluginManager:220 - loadIPPluginJar : add plateformsettings
2026-02-11 16:36:16,884 [INFO] IPUIPlugin:80 - create IPUIPlugin
2026-02-11 16:36:16,884 [INFO] PluginManager:220 - loadIPPluginJar : add quadspi
2026-02-11 16:36:16,885 [INFO] IPUIPlugin:80 - create IPUIPlugin
2026-02-11 16:36:16,886 [INFO] PluginManager:220 - loadIPPluginJar : add radio
2026-02-11 16:36:16,889 [INFO] IPUIPlugin:80 - create IPUIPlugin
2026-02-11 16:36:16,889 [INFO] PluginManager:220 - loadIPPluginJar : add resmgrutility
2026-02-11 16:36:16,893 [INFO] IPUIPlugin:80 - create IPUIPlugin
2026-02-11 16:36:16,893 [INFO] PluginManager:220 - loadIPPluginJar : add sai
2026-02-11 16:36:16,895 [INFO] IPUIPlugin:80 - create IPUIPlugin
2026-02-11 16:36:16,895 [INFO] PluginManager:220 - loadIPPluginJar : add spi
2026-02-11 16:36:16,902 [INFO] IPUIPlugin:80 - create IPUIPlugin
2026-02-11 16:36:16,902 [INFO] PluginManager:220 - loadIPPluginJar : add stm32_wpan
2026-02-11 16:36:16,904 [INFO] IPUIPlugin:80 - create IPUIPlugin
2026-02-11 16:36:16,904 [INFO] PluginManager:220 - loadIPPluginJar : add tim
2026-02-11 16:36:16,907 [INFO] IPUIPlugin:80 - create IPUIPlugin
2026-02-11 16:36:16,907 [INFO] PluginManager:220 - loadIPPluginJar : add touchsensing
2026-02-11 16:36:16,910 [INFO] IPUIPlugin:80 - create IPUIPlugin
2026-02-11 16:36:16,910 [INFO] PluginManager:220 - loadIPPluginJar : add tracer_emb
2026-02-11 16:36:16,912 [INFO] IPUIPlugin:80 - create IPUIPlugin
2026-02-11 16:36:16,913 [INFO] PluginManager:220 - loadIPPluginJar : add ts
2026-02-11 16:36:16,914 [INFO] IPUIPlugin:80 - create IPUIPlugin
2026-02-11 16:36:16,914 [INFO] PluginManager:220 - loadIPPluginJar : add tsc
2026-02-11 16:36:16,916 [INFO] IPUIPlugin:80 - create IPUIPlugin
2026-02-11 16:36:16,916 [INFO] PluginManager:220 - loadIPPluginJar : add ucpd
2026-02-11 16:36:16,918 [INFO] IPUIPlugin:80 - create IPUIPlugin
2026-02-11 16:36:16,918 [INFO] PluginManager:220 - loadIPPluginJar : add usart
2026-02-11 16:36:16,920 [INFO] IPUIPlugin:80 - create IPUIPlugin
2026-02-11 16:36:16,920 [INFO] PluginManager:220 - loadIPPluginJar : add usbx
2026-02-11 16:36:17,031 [FATAL] Updater:351 - Updater called before beeing initialized
2026-02-11 16:36:17,048 [INFO] RulesReader:64 - Compatibility file has been processed (302 Rules)
2026-02-11 16:36:17,058 [INFO] RulesReader:64 - Compatibility file has been processed (302 Rules)
2026-02-11 16:36:17,064 [INFO] CADModel:165 - CPN selected for project level
2026-02-11 16:36:17,065 [INFO] CADModel:114 - Register for checkConnection events
2026-02-11 16:36:17,065 [FATAL] Updater:351 - Updater called before beeing initialized
2026-02-11 16:36:17,065 [ERROR] CADModel:125 - Updater not yet initialized, retry later 
2026-02-11 16:36:17,228 [FATAL] Updater:351 - Updater called before beeing initialized
2026-02-11 16:36:17,230 [INFO] CADModel:165 - CPN selected for project level
2026-02-11 16:36:17,230 [INFO] CADModel:114 - Register for checkConnection events
2026-02-11 16:36:17,231 [FATAL] Updater:351 - Updater called before beeing initialized
2026-02-11 16:36:17,231 [ERROR] CADModel:125 - Updater not yet initialized, retry later 
2026-02-11 16:36:17,234 [FATAL] Updater:351 - Updater called before beeing initialized
2026-02-11 16:36:17,340 [FATAL] Updater:351 - Updater called before beeing initialized
2026-02-11 16:36:17,344 [INFO] DbMcusAds:53 - JSON generation date=Thu Jan 08 18:57:51 TRT 2026 (1767887871456)
2026-02-11 16:36:17,344 [FATAL] Updater:351 - Updater called before beeing initialized
2026-02-11 16:36:17,378 [WARN] DetailPanel:346 - Failed to get advertising image, set to default
2026-02-11 16:36:17,575 [FATAL] Updater:351 - Updater called before beeing initialized
2026-02-11 16:36:17,577 [FATAL] Updater:351 - Updater called before beeing initialized
2026-02-11 16:36:17,577 [FATAL] Updater:351 - Updater called before beeing initialized
2026-02-11 16:36:17,578 [WARN] DetailPanel:346 - Failed to get advertising image, set to default
2026-02-11 16:36:17,578 [FATAL] Updater:351 - Updater called before beeing initialized
2026-02-11 16:36:17,616 [ERROR] Updater:1198 - MainUpdater not yet initialized. External WinMGr cannot be set.
2026-02-11 16:36:17,619 [INFO] Updater:1134 - Updater Version found : 6.14.1
2026-02-11 16:36:17,639 [INFO] ApplicationProperties:184 - Using Application install path: C:\ST\STM32CubeIDE_1.18.1\STM32CubeIDE\plugins\com.st.stm32cube.common.mx_6.14.1.202504091515
2026-02-11 16:36:19,220 [ERROR] LogOutputStream:75 - [STDERR_REDIRECT] Feb 11, 2026 4:36:19 PM java.util.prefs.WindowsPreferences <init>
2026-02-11 16:36:19,221 [ERROR] LogOutputStream:75 - [STDERR_REDIRECT] WARNING: Could not open/create prefs root node Software\JavaSoft\Prefs at root 0xffffffff80000002. Windows RegCreateKeyEx(...) returned error code 5.
2026-02-11 16:36:19,221 [ERROR] LogOutputStream:75 - [STDERR_REDIRECT] 
2026-02-11 16:36:19,223 [INFO] ThirdPartyUpdaterWithRetryManager:70 - Updater plugin not ready yet. [2/15]
2026-02-11 16:36:19,765 [INFO] MainUpdater:2872 - connection check result : 10
2026-02-11 16:36:19,765 [INFO] MainUpdater:3566 - Updater definition file requires update
2026-02-11 16:36:19,768 [INFO] MainUpdater:289 - Updater Check For Update Now.
2026-02-11 16:36:19,768 [INFO] MicroXplorer:498 - Change Database Version : DB.6.0.141
2026-02-11 16:36:19,773 [INFO] McuFinderGlobals:63 - Set McuFinder mode to 2 (CubeIDE integrated)
2026-02-11 16:36:19,774 [INFO] UserAuth:484 - Internet connection configuration mode: 1
2026-02-11 16:36:19,791 [INFO] JxBrowserEngine:152 - Initiate JxBrowser Engine with user profile folder
2026-02-11 16:36:19,846 [INFO] ServerAccessManage:473 - Download File updaters.zip
2026-02-11 16:36:20,186 [INFO] FileExtend:242 - Unzip File : updaters.zip
2026-02-11 16:36:20,187 [INFO] FileExtend:257 - Standard Zip Deflate
2026-02-11 16:36:20,527 [INFO] ServerAccessManage:473 - Download File PacksControlFlags.xml
2026-02-11 16:36:20,634 [INFO] ServerAccessManage:473 - Download File cubemx.pidx
2026-02-11 16:36:20,742 [INFO] LoadServerUpdatesThread:375 - End of LoadServerUpdate Thread
2026-02-11 16:36:20,895 [INFO] CheckServerUpdateThread:120 - End of CheckServer Thread
2026-02-11 16:36:21,035 [INFO] WebApp:169 - Instantiating new browser for Auth
2026-02-11 16:36:21,607 [INFO] WebApp:463 - Apply proxy settings
2026-02-11 16:36:21,607 [INFO] WebApp:548 - Chromium requires no authentication
2026-02-11 16:36:21,614 [INFO] WebApp:491 - Direct internet connection detected
2026-02-11 16:36:21,631 [INFO] WebApp:894 - Register for checkConnection events
2026-02-11 16:36:21,631 [INFO] WebApp:463 - Apply proxy settings
2026-02-11 16:36:21,631 [INFO] WebApp:548 - Chromium requires no authentication
2026-02-11 16:36:21,632 [INFO] WebApp:491 - Direct internet connection detected
2026-02-11 16:36:21,786 [INFO] WebApp:225 - Starting web application
2026-02-11 16:36:21,786 [INFO] WebApp:593 - Web application path used C:\ST\STM32CubeIDE_1.18.1\STM32CubeIDE\plugins\com.st.stm32cube.common.mx_6.14.1.202504091515\db\plugins\mcufinder\reactClient1\index.html
2026-02-11 16:36:21,920 [INFO] UserAuth:484 - Internet connection configuration mode: 1
2026-02-11 16:36:22,085 [INFO] WebApp:191 - Connection restablished
2026-02-11 16:36:22,443 [WARN] PackLoader:240 - Cannot read IP mode file for STMicroelectronics.FP-SNS-MOTENVWB1.1.4.0
2026-02-11 16:36:22,454 [WARN] PackLoader:240 - Cannot read IP mode file for STMicroelectronics.FP-ATR-ASTRA1.2.0.2
2026-02-11 16:36:22,461 [WARN] PackLoader:240 - Cannot read IP mode file for STMicroelectronics.X-CUBE-SMBUS.2.1.0
2026-02-11 16:36:22,486 [WARN] PackLoader:240 - Cannot read IP mode file for STMicroelectronics.X-CUBE-AZRTOS-F7.1.1.0
2026-02-11 16:36:22,493 [ERROR] Engine:466 - C:\Users\Onur Fidan\.stm32cubemx\thirdparties\pdsc\STMicroelectronics.FP-SNS-MOTENV1.5.1.0.pdsc: PDSC version is not supported
2026-02-11 16:36:22,497 [ERROR] Engine:466 - C:\Users\Onur Fidan\.stm32cubemx\thirdparties\pdsc\WES.I-CUBE-Cesium.1.4.0.pdsc: PDSC version is not supported
2026-02-11 16:36:22,523 [WARN] PackLoader:240 - Cannot read IP mode file for STMicroelectronics.X-CUBE-AZRTOS-H7.3.4.0
2026-02-11 16:36:22,537 [WARN] PackLoader:240 - Cannot read IP mode file for STMicroelectronics.X-CUBE-DISPLAY.3.0.0
2026-02-11 16:36:22,552 [WARN] PackLoader:240 - Cannot read IP mode file for STMicroelectronics.X-CUBE-NFC10.1.0.0
2026-02-11 16:36:22,559 [WARN] PackLoader:240 - Cannot read IP mode file for STMicroelectronics.X-CUBE-ST60.1.1.0
2026-02-11 16:36:22,576 [WARN] PackLoader:240 - Cannot read IP mode file for emotas.I-CUBE-CANOPEN.1.3.0
2026-02-11 16:36:22,582 [WARN] PackLoader:240 - Cannot read IP mode file for STMicroelectronics.X-CUBE-GNSS1.7.1.0
2026-02-11 16:36:22,587 [ERROR] Engine:466 - C:\Users\Onur Fidan\.stm32cubemx\thirdparties\pdsc\STMicroelectronics.FP-SNS-STBOX1.2.1.0.pdsc: PDSC version is not supported
2026-02-11 16:36:22,592 [WARN] PackLoader:240 - Cannot read IP mode file for STMicroelectronics.FP-SNS-SMARTAG2.1.2.0
2026-02-11 16:36:22,597 [WARN] PackLoader:240 - Cannot read IP mode file for STMicroelectronics.FP-SNS-FLIGHT1.5.1.0
2026-02-11 16:36:22,605 [INFO] LogOutputStream:77 - [STDOUT_REDIRECT] 1 : Invalid condition id : UX_CORESTACK_Condition cause : null
2026-02-11 16:36:22,606 [INFO] LogOutputStream:77 - [STDOUT_REDIRECT] 1 : Invalid condition id : UX_CORESTACK_Condition cause : null
2026-02-11 16:36:22,607 [INFO] LogOutputStream:77 - [STDOUT_REDIRECT] 1 : Invalid condition id : UX_CORESTACK_Condition cause : null
2026-02-11 16:36:22,608 [INFO] LogOutputStream:77 - [STDOUT_REDIRECT] 1 : Invalid condition id : UX_CORESTACK_Condition cause : null
2026-02-11 16:36:22,609 [INFO] LogOutputStream:77 - [STDOUT_REDIRECT] 1 : Invalid condition id : UX_CORESTACK_Condition cause : null
2026-02-11 16:36:22,612 [WARN] PackLoader:240 - Cannot read IP mode file for STMicroelectronics.X-CUBE-AZRTOS-WL.2.0.0
2026-02-11 16:36:22,627 [WARN] PackLoader:240 - Cannot read IP mode file for STMicroelectronics.X-CUBE-AZRTOS-H7RS.1.2.0
2026-02-11 16:36:22,635 [WARN] PackLoader:240 - Cannot read IP mode file for STMicroelectronics.X-CUBE-BLE2.3.3.0
2026-02-11 16:36:22,667 [WARN] PackLoader:240 - Cannot read IP mode file for Infineon.AIROC-Wi-Fi-Bluetooth-STM32.1.8.0
2026-02-11 16:36:22,678 [WARN] PackLoader:240 - Cannot read IP mode file for STMicroelectronics.X-CUBE-NFC9.1.0.0
2026-02-11 16:36:22,683 [WARN] PackLoader:240 - Cannot read IP mode file for STMicroelectronics.X-CUBE-BLE1.7.1.0
2026-02-11 16:36:22,689 [WARN] PackLoader:240 - Cannot read IP mode file for wolfSSL.I-CUBE-wolfMQTT.1.19.2
2026-02-11 16:36:22,692 [ERROR] Engine:466 - C:\Users\Onur Fidan\.stm32cubemx\thirdparties\pdsc\STMicroelectronics.X-CUBE-FREERTOS.1.4.0.pdsc: PDSC version is not supported
2026-02-11 16:36:22,699 [WARN] PackLoader:240 - Cannot read IP mode file for STMicroelectronics.X-CUBE-EEPRMA1.5.2.0
2026-02-11 16:36:22,706 [WARN] PackLoader:240 - Cannot read IP mode file for wolfSSL.I-CUBE-wolfSSL.5.8.4
2026-02-11 16:36:22,711 [WARN] PackLoader:240 - Cannot read IP mode file for Cesanta.I-CUBE-Mongoose.7.20.0
2026-02-11 16:36:22,715 [ERROR] Engine:466 - C:\Users\Onur Fidan\.stm32cubemx\thirdparties\pdsc\STMicroelectronics.X-CUBE-ST67W61.1.1.0.pdsc: PDSC version is not supported
2026-02-11 16:36:22,740 [WARN] PackLoader:240 - Cannot read IP mode file for STMicroelectronics.X-CUBE-MEMS1.12.0.0
2026-02-11 16:36:22,804 [WARN] PackLoader:240 - Cannot read IP mode file for STMicroelectronics.X-CUBE-AZRTOS-G0.1.1.0
2026-02-11 16:36:22,809 [WARN] PackLoader:240 - Cannot read IP mode file for STMicroelectronics.X-CUBE-NFC4.3.0.0
2026-02-11 16:36:22,816 [WARN] PackLoader:240 - Cannot read IP mode file for EmbeddedOffice.I-CUBE-FS-RTOS.1.0.1
2026-02-11 16:36:22,820 [WARN] PackLoader:240 - Cannot read IP mode file for STMicroelectronics.X-CUBE-WB05N.2.0.0
2026-02-11 16:36:22,824 [WARN] PackLoader:240 - Cannot read IP mode file for wolfSSL.I-CUBE-wolfTPM.3.8.0
2026-02-11 16:36:22,828 [WARN] PackLoader:240 - Cannot read IP mode file for STMicroelectronics.X-CUBE-TCPP.4.2.0
2026-02-11 16:36:22,833 [WARN] PackLoader:240 - Cannot read IP mode file for RealThread.X-CUBE-RT-Thread_Nano.4.1.1
2026-02-11 16:36:22,838 [WARN] PackLoader:240 - Cannot read IP mode file for STMicroelectronics.FP-ATR-SIGFOX1.3.2.0
2026-02-11 16:36:22,843 [WARN] PackLoader:240 - Cannot read IP mode file for ITTIA_DB.I-CUBE-ITTIADB.8.9.0
2026-02-11 16:36:22,849 [WARN] PackLoader:240 - Cannot read IP mode file for STMicroelectronics.X-CUBE-NFC6.3.2.0
2026-02-11 16:36:22,855 [WARN] PackLoader:240 - Cannot read IP mode file for STMicroelectronics.X-CUBE-AI.10.2.0
2026-02-11 16:36:22,880 [WARN] PackLoader:240 - Cannot read IP mode file for SEGGER.I-CUBE-embOS.1.3.1
2026-02-11 16:36:22,913 [WARN] PackLoader:240 - Cannot read IP mode file for STMicroelectronics.X-CUBE-ALGOBUILD.1.4.0
2026-02-11 16:36:22,917 [WARN] PackLoader:240 - Cannot read IP mode file for STMicroelectronics.X-CUBE-PM33A1.1.0.0
2026-02-11 16:36:22,928 [WARN] PackLoader:240 - Cannot read IP mode file for STMicroelectronics.X-CUBE-AZRTOS-F4.1.1.0
2026-02-11 16:36:22,933 [WARN] PackLoader:240 - Cannot read IP mode file for STMicroelectronics.X-CUBE-ISPU.2.1.0
2026-02-11 16:36:22,937 [ERROR] Engine:466 - C:\Users\Onur Fidan\.stm32cubemx\thirdparties\pdsc\STMicroelectronics.X-CUBE-IPS.3.2.0.pdsc: PDSC version is not supported
2026-02-11 16:36:22,942 [WARN] PackLoader:240 - Cannot read IP mode file for STMicroelectronics.X-CUBE-NFC12.1.0.0
2026-02-11 16:36:22,953 [WARN] PackLoader:240 - Cannot read IP mode file for STMicroelectronics.X-CUBE-AZRTOS-L5.2.0.0
2026-02-11 16:36:22,961 [WARN] PackLoader:240 - Cannot read IP mode file for STMicroelectronics.X-CUBE-NFC6.3.1.0
2026-02-11 16:36:22,968 [WARN] PackLoader:240 - Cannot read IP mode file for STMicroelectronics.X-CUBE-TOUCHGFX.4.26.0
2026-02-11 16:36:22,972 [WARN] PackLoader:240 - Cannot read IP mode file for STMicroelectronics.FP-SNS-STAIOTCFT.1.0.0
2026-02-11 16:36:22,978 [WARN] PackLoader:240 - Cannot read IP mode file for STMicroelectronics.X-CUBE-DPower.1.3.0
2026-02-11 16:36:22,987 [WARN] ConditionMgr:438 - getConditionDescription Invalid condition id : LAN8742 Phy interface Condition cause : null
2026-02-11 16:36:22,987 [WARN] PackLoader:240 - Cannot read IP mode file for STMicroelectronics.X-CUBE-AZRTOS-L4.2.0.0
2026-02-11 16:36:22,989 [WARN] ConditionMgr:1044 - genDependencies : Invalid condition id : LAN8742 Phy interface Condition cause : null
2026-02-11 16:36:22,989 [WARN] ConditionMgr:1044 - genDependencies : Invalid condition id : LAN8742 Phy interface Condition cause : null
2026-02-11 16:36:22,989 [WARN] ConditionMgr:1044 - genDependencies : Invalid condition id : LAN8742 Phy interface Condition cause : null
2026-02-11 16:36:22,993 [WARN] PackLoader:240 - Cannot read IP mode file for STMicroelectronics.X-CUBE-SFXS2LP1.4.0.0
2026-02-11 16:36:22,997 [ERROR] Engine:466 - C:\Users\Onur Fidan\.stm32cubemx\thirdparties\pdsc\STMicroelectronics.X-CUBE-ST67W61.1.2.0.pdsc: PDSC version is not supported
2026-02-11 16:36:23,003 [WARN] PackLoader:240 - Cannot read IP mode file for STMicroelectronics.X-CUBE-BLEMGR.4.1.0
2026-02-11 16:36:23,010 [WARN] ConditionMgr:438 - getConditionDescription Invalid condition id : UX DEVICE CLASS RTOS Condition cause : null
2026-02-11 16:36:23,010 [WARN] ConditionMgr:438 - getConditionDescription Invalid condition id : UX DEVICE CLASS RTOS Condition cause : null
2026-02-11 16:36:23,011 [WARN] PackLoader:240 - Cannot read IP mode file for STMicroelectronics.X-CUBE-AZRTOS-WB.2.0.0
2026-02-11 16:36:23,011 [WARN] ConditionMgr:1044 - genDependencies : Invalid condition id : UX DEVICE CLASS RTOS Condition cause : null
2026-02-11 16:36:23,011 [WARN] ConditionMgr:1044 - genDependencies : Invalid condition id : UX DEVICE CLASS RTOS Condition cause : null
2026-02-11 16:36:23,012 [WARN] ConditionMgr:1044 - genDependencies : Invalid condition id : UX DEVICE CLASS RTOS Condition cause : null
2026-02-11 16:36:23,012 [WARN] ConditionMgr:1044 - genDependencies : Invalid condition id : UX DEVICE CLASS RTOS Condition cause : null
2026-02-11 16:36:23,012 [WARN] ConditionMgr:1044 - genDependencies : Invalid condition id : UX DEVICE CLASS RTOS Condition cause : null
2026-02-11 16:36:23,016 [WARN] ConditionMgr:438 - getConditionDescription Invalid condition id : Cortex-A Device cause : null
2026-02-11 16:36:23,020 [WARN] ConditionMgr:1044 - genDependencies : Invalid condition id : Cortex-A Device cause : null
2026-02-11 16:36:23,021 [WARN] ConditionMgr:1044 - genDependencies : Invalid condition id : Cortex-A Device cause : null
2026-02-11 16:36:23,021 [WARN] ConditionMgr:1044 - genDependencies : Invalid condition id : Cortex-A Device cause : null
2026-02-11 16:36:23,026 [WARN] PackLoader:240 - Cannot read IP mode file for STMicroelectronics.X-CUBE-STSE01.2.0.0
2026-02-11 16:36:23,032 [WARN] PackLoader:240 - Cannot read IP mode file for STMicroelectronics.X-CUBE-SUBG2.5.0.0
2026-02-11 16:36:23,044 [WARN] PackLoader:240 - Cannot read IP mode file for STMicroelectronics.X-CUBE-AZRTOS-G4.2.0.0
2026-02-11 16:36:23,048 [WARN] PackLoader:240 - Cannot read IP mode file for wolfSSL.I-CUBE-wolfSSH.1.4.20
2026-02-11 16:36:23,055 [WARN] PackLoader:240 - Cannot read IP mode file for STMicroelectronics.X-CUBE-NFC7.2.0.0
2026-02-11 16:36:23,059 [WARN] PackLoader:240 - Cannot read IP mode file for STMicroelectronics.X-CUBE-ALS.1.0.2
2026-02-11 16:36:23,063 [WARN] PackLoader:240 - Cannot read IP mode file for STMicroelectronics.X-CUBE-STSE01.1.0.0
2026-02-11 16:36:23,070 [WARN] PackLoader:240 - Cannot read IP mode file for STMicroelectronics.X-CUBE-TOF1.3.4.3
2026-02-11 16:36:23,076 [INFO] ThirdParty:978 - Integrity check success = true
2026-02-11 16:36:23,076 [INFO] IntegrityCheckThread:100 - exiting critical section [integrity check]
2026-02-11 16:36:23,076 [INFO] IntegrityCheckThread:103 - End integrity checks thread
2026-02-11 16:44:45,866 [ERROR] LogOutputStream:75 - [STDERR_REDIRECT] 
